[+] Containers:
 |- [+] Container: /Game/Maps/HorrorLevel
 |   |- [+] ActorDescs:
 |   |   |- Guid:00632521469884BB342E54ADABAFD022 BaseClass:/Game/Blueprints/BP_FeatherQuill.BP_FeatherQuill_C NativeClass:/Script/Engine.Actor Name:BP_FeatherQuill_C_UAID_A4BB6D9A28322BB401_1094776808 Label:BP_FeatherQuill SpatiallyLoaded:1 Bounds:IsValid=true, Min=(X=-4464.000 Y=686.000 Z=506.000), Max=(X=-4336.000 Y=814.000 Z=634.000) RuntimeGrid:None EditorOnly:0 RuntimeOnly:0 HLODRelevant:0
 |   |   |- Guid:05A7629D402C6E2D81042E8649FB7C6B BaseClass:/Game/Blueprints/BP_EscapeBox.BP_EscapeBox_C NativeClass:/Script/Engine.Actor Name:BP_EscapeBox_C_UAID_A4BB6D9A28325CB601_2121904543 Label:BP_EscapeBox SpatiallyLoaded:1 Bounds:IsValid=true, Min=(X=1046.000 Y=1362.000 Z=-28.000), Max=(X=1574.000 Y=1938.000 Z=548.000) RuntimeGrid:None EditorOnly:0 RuntimeOnly:0 HLODRelevant:0
 |   |   |- Guid:06504E0F4A7E0AC61F08269557B9B0FD BaseClass: NativeClass:/Script/Landscape.LandscapeStreamingProxy Name:LandscapeStreamingProxy_9J3BXDSJIJIA6NWJOP0T7L2GM_62_1_2_0 Label:LandscapeStreamingProxy_1_2_0 SpatiallyLoaded:1 Bounds:IsValid=true, Min=(X=-3100.000 Y=0.000 Z=100.000), Max=(X=0.000 Y=3100.000 Z=966.797) RuntimeGrid:None EditorOnly:0 RuntimeOnly:0 HLODRelevant:1
 |   |   |- Guid:2057548443330618673A9BAF0D4ED2E7 BaseClass: NativeClass:/Script/Engine.StaticMeshActor Name:StaticMeshActor_UAID_A4BB6D9A2C6EF7B101_1801001545 Label:rock_boulder_b1 SpatiallyLoaded:1 Bounds:IsValid=true, Min=(X=-154.179 Y=227.642 Z=-2.730), Max=(X=110.220 Y=449.790 Z=212.447) RuntimeGrid:None EditorOnly:0 RuntimeOnly:0 HLODRelevant:1
 |   |   |- Guid:2501127B4814CE785A77D881E06CE8E5 BaseClass: NativeClass:/Script/Engine.DirectionalLight Name:DirectionalLight_1 Label:DirectionalLight SpatiallyLoaded:0 Bounds:IsValid=true, Min=(X=-4398046511104.000 Y=-4398046511104.000 Z=-4398046511104.000), Max=(X=4398046511104.000 Y=4398046511104.000 Z=4398046511104.000) RuntimeGrid:None EditorOnly:0 RuntimeOnly:0 HLODRelevant:0 FolderPath:Lighting FolderGuid:0BA5F0A04EADB18E70D5B180D08FA34B
 |   |   |- Guid:25379CA6453701715B0C8D8986DCC73F BaseClass: NativeClass:/Script/Landscape.LandscapeStreamingProxy Name:LandscapeStreamingProxy_9J3BXDSJIJIA6NWJOP0T7L2GM_62_3_3_0 Label:LandscapeStreamingProxy_3_3_0 SpatiallyLoaded:1 Bounds:IsValid=true, Min=(X=3100.000 Y=3100.000 Z=852.344), Max=(X=6200.000 Y=6200.000 Z=3999.609) RuntimeGrid:None EditorOnly:0 RuntimeOnly:0 HLODRelevant:1
 |   |   |- Guid:35EAEFAD4E284C2CA68961A8A61A42D7 BaseClass: NativeClass:/Script/Landscape.LandscapeStreamingProxy Name:LandscapeStreamingProxy_9J3BXDSJIJIA6NWJOP0T7L2GM_62_2_1_0 Label:LandscapeStreamingProxy_2_1_0 SpatiallyLoaded:1 Bounds:IsValid=true, Min=(X=0.000 Y=-3100.000 Z=101.562), Max=(X=3100.000 Y=0.000 Z=985.547) RuntimeGrid:None EditorOnly:0 RuntimeOnly:0 HLODRelevant:1
 |   |   |- Guid:369F146040FA5343219056B86A73C7A9 BaseClass: NativeClass:/Script/Landscape.LandscapeStreamingProxy Name:LandscapeStreamingProxy_9J3BXDSJIJIA6NWJOP0T7L2GM_62_0_3_0 Label:LandscapeStreamingProxy_0_3_0 SpatiallyLoaded:1 Bounds:IsValid=true, Min=(X=-6200.000 Y=3100.000 Z=837.109), Max=(X=-3100.000 Y=6200.000 Z=2836.719) RuntimeGrid:None EditorOnly:0 RuntimeOnly:0 HLODRelevant:1
 |   |   |- Guid:451187DF40394D99471720817933E9D2 BaseClass: NativeClass:/Script/Engine.StaticMeshActor Name:StaticMeshActor_UAID_A4BB6D9A2C6EF7B101_1796090544 Label:rock_boulder_b2 SpatiallyLoaded:1 Bounds:IsValid=true, Min=(X=-74.179 Y=217.642 Z=47.270), Max=(X=190.220 Y=439.790 Z=262.447) RuntimeGrid:None EditorOnly:0 RuntimeOnly:0 HLODRelevant:1
 |   |   |- Guid:4AC651AA44BA3062E26719AC5E37ED9D BaseClass:/Game/Blueprints/BP_Ink.BP_Ink_C NativeClass:/Script/Engine.Actor Name:BP_Quill_C_UAID_A4BB6D9A283228B401_1332157279 Label:BP_Quill SpatiallyLoaded:1 Bounds:IsValid=true, Min=(X=1616.000 Y=-564.000 Z=136.000), Max=(X=1744.000 Y=-436.000 Z=264.000) RuntimeGrid:None EditorOnly:0 RuntimeOnly:0 HLODRelevant:0
 |   |   |- Guid:4BB1F69F4CCEF14364A5AB8BB4BEEC60 BaseClass: NativeClass:/Script/Engine.PostProcessVolume Name:PostProcessVolume_0 Label:PostProcessVolume SpatiallyLoaded:0 Bounds:IsValid=true, Min=(X=-6525.000 Y=-7750.000 Z=-4825.000), Max=(X=6725.000 Y=7950.000 Z=5825.000) RuntimeGrid:None EditorOnly:0 RuntimeOnly:0 HLODRelevant:0 FolderPath:Lighting FolderGuid:0BA5F0A04EADB18E70D5B180D08FA34B
 |   |   |- Guid:7AD773554F325C9027B046AB1AD282B7 BaseClass: NativeClass:/Script/Landscape.LandscapeStreamingProxy Name:LandscapeStreamingProxy_9J3BXDSJIJIA6NWJOP0T7L2GM_62_2_2_0 Label:LandscapeStreamingProxy_2_2_0 SpatiallyLoaded:1 Bounds:IsValid=true, Min=(X=0.000 Y=0.000 Z=100.000), Max=(X=3100.000 Y=3100.000 Z=2106.641) RuntimeGrid:None EditorOnly:0 RuntimeOnly:0 HLODRelevant:1
 |   |   |- Guid:7D174AA74E80B046AD32ACAA3E727000 BaseClass: NativeClass:/Script/Engine.SkyLight Name:SkyLight_0 Label:SkyLight SpatiallyLoaded:0 Bounds:IsValid=true, Min=(X=0.000 Y=0.000 Z=690.000), Max=(X=0.000 Y=0.000 Z=690.000) RuntimeGrid:None EditorOnly:0 RuntimeOnly:0 HLODRelevant:0 FolderPath:Lighting FolderGuid:0BA5F0A04EADB18E70D5B180D08FA34B
 |   |   |- Guid:8081517D43B47A5313701D9D8ABA9B09 BaseClass:/Game/Blueprints/BP_Key.BP_Key_C NativeClass:/Script/Engine.Actor Name:BP_Key_C_UAID_A4BB6D9A283225B401_1376967755 Label:BP_Key SpatiallyLoaded:1 Bounds:IsValid=true, Min=(X=-948.881 Y=-2346.646 Z=109.228), Max=(X=-768.550 Y=-2166.315 Z=237.228) RuntimeGrid:None EditorOnly:0 RuntimeOnly:0 HLODRelevant:0
 |   |   |- Guid:8B43EE0047FDE0355713FC801603A73F BaseClass: NativeClass:/Script/Engine.ExponentialHeightFog Name:ExponentialHeightFog_UAID_A4BB6D9A28321DB401_2055262345 Label:ExponentialHeightFog2 SpatiallyLoaded:0 Bounds:IsValid=true, Min=(X=-5590.000 Y=-40.000 Z=-6850.000), Max=(X=-5590.000 Y=-40.000 Z=-6850.000) RuntimeGrid:None EditorOnly:0 RuntimeOnly:0 HLODRelevant:0 FolderPath:Lighting FolderGuid:0BA5F0A04EADB18E70D5B180D08FA34B
 |   |   |- Guid:8D8C8BD34601455585A14FA7521E0FF9 BaseClass: NativeClass:/Script/Engine.VolumetricCloud Name:VolumetricCloud_0 Label:VolumetricCloud SpatiallyLoaded:0 Bounds:IsValid=true, Min=(X=0.000 Y=0.000 Z=820.000), Max=(X=0.000 Y=0.000 Z=820.000) RuntimeGrid:None EditorOnly:0 RuntimeOnly:0 HLODRelevant:0 FolderPath:Lighting FolderGuid:0BA5F0A04EADB18E70D5B180D08FA34B
 |   |   |- Guid:958848D54C7B07CF2B10629BD9F47AF6 BaseClass: NativeClass:/Script/Landscape.LandscapeStreamingProxy Name:LandscapeStreamingProxy_9J3BXDSJIJIA6NWJOP0T7L2GM_62_0_0_0 Label:LandscapeStreamingProxy_0_0_0 SpatiallyLoaded:1 Bounds:IsValid=true, Min=(X=-6200.000 Y=-6200.000 Z=1185.156), Max=(X=-3100.000 Y=-3100.000 Z=4744.141) RuntimeGrid:None EditorOnly:0 RuntimeOnly:0 HLODRelevant:1
 |   |   |- Guid:9DA7955D42D1C68B663516ACD9C8DA7C BaseClass: NativeClass:/Script/Landscape.LandscapeStreamingProxy Name:LandscapeStreamingProxy_9J3BXDSJIJIA6NWJOP0T7L2GM_62_0_2_0 Label:LandscapeStreamingProxy_0_2_0 SpatiallyLoaded:1 Bounds:IsValid=true, Min=(X=-6200.000 Y=0.000 Z=317.578), Max=(X=-3100.000 Y=3100.000 Z=1713.281) RuntimeGrid:None EditorOnly:0 RuntimeOnly:0 HLODRelevant:1
 |   |   |- Guid:A2AF2F6F46B421704501269FF663BC93 BaseClass: NativeClass:/Script/Engine.WorldDataLayers Name:WorldDataLayers Label:WorldDataLayers SpatiallyLoaded:0 Bounds:IsValid=true, Min=(X=0.000 Y=0.000 Z=0.000), Max=(X=0.000 Y=0.000 Z=0.000) RuntimeGrid:None EditorOnly:0 RuntimeOnly:0 HLODRelevant:0
 |   |   |- Guid:A3912BC8467630692D2C4B90280F736F BaseClass:/Game/Blueprints/BP_Letter.BP_Letter_C NativeClass:/Script/Engine.Actor Name:BP_Letter_C_UAID_A4BB6D9A28322BB401_1652097809 Label:BP_Letter SpatiallyLoaded:1 Bounds:IsValid=true, Min=(X=-3014.000 Y=1236.000 Z=346.000), Max=(X=-2886.000 Y=1364.000 Z=474.000) RuntimeGrid:None EditorOnly:0 RuntimeOnly:0 HLODRelevant:0
 |   |   |- Guid:A6B686CF48D64B54AC0B1E96249837BA BaseClass: NativeClass:/Script/Landscape.LandscapeStreamingProxy Name:LandscapeStreamingProxy_9J3BXDSJIJIA6NWJOP0T7L2GM_62_1_1_0 Label:LandscapeStreamingProxy_1_1_0 SpatiallyLoaded:1 Bounds:IsValid=true, Min=(X=-3100.000 Y=-3100.000 Z=101.562), Max=(X=0.000 Y=0.000 Z=2316.797) RuntimeGrid:None EditorOnly:0 RuntimeOnly:0 HLODRelevant:1
 |   |   |- Guid:A7A86C464415F37034AD20A5C4E6507A BaseClass: NativeClass:/Script/Landscape.LandscapeStreamingProxy Name:LandscapeStreamingProxy_9J3BXDSJIJIA6NWJOP0T7L2GM_62_3_2_0 Label:LandscapeStreamingProxy_3_2_0 SpatiallyLoaded:1 Bounds:IsValid=true, Min=(X=3100.000 Y=0.000 Z=215.234), Max=(X=6200.000 Y=3100.000 Z=2998.438) RuntimeGrid:None EditorOnly:0 RuntimeOnly:0 HLODRelevant:1
 |   |   |- Guid:AB9C66FA402A8D8EFCAB428AE4428D4D BaseClass: NativeClass:/Script/Engine.SkyAtmosphere Name:SkyAtmosphere_0 Label:SkyAtmosphere SpatiallyLoaded:0 Bounds:IsValid=true, Min=(X=0.000 Y=0.000 Z=1020.000), Max=(X=0.000 Y=0.000 Z=1020.000) RuntimeGrid:None EditorOnly:0 RuntimeOnly:0 HLODRelevant:0 FolderPath:Lighting FolderGuid:0BA5F0A04EADB18E70D5B180D08FA34B
 |   |   |- Guid:AEBF83D146B9FA51FBAB95A6D9894ACA BaseClass: NativeClass:/Script/Landscape.LandscapeStreamingProxy Name:LandscapeStreamingProxy_9J3BXDSJIJIA6NWJOP0T7L2GM_62_3_0_0 Label:LandscapeStreamingProxy_3_0_0 SpatiallyLoaded:1 Bounds:IsValid=true, Min=(X=3100.000 Y=-6200.000 Z=813.672), Max=(X=6200.000 Y=-3100.000 Z=4251.562) RuntimeGrid:None EditorOnly:0 RuntimeOnly:0 HLODRelevant:1
 |   |   |- Guid:B140176F453A510D62B6E691CA264062 BaseClass: NativeClass:/Script/Engine.PlayerStart Name:PlayerStart_0 Label:PlayerStart SpatiallyLoaded:0 Bounds:IsValid=true, Min=(X=1305.359 Y=1705.359 Z=120.013), Max=(X=1414.641 Y=1814.641 Z=304.013) RuntimeGrid:None EditorOnly:0 RuntimeOnly:0 HLODRelevant:0
 |   |   |- Guid:B589A1754248A3D990358C95A5D8BB0D BaseClass: NativeClass:/Script/Engine.StaticMeshActor Name:StaticMeshActor_UAID_A4BB6D9A2C6EF8B101_1930447728 Label:old_water_well SpatiallyLoaded:1 Bounds:IsValid=true, Min=(X=1111.571 Y=1858.969 Z=100.000), Max=(X=1339.908 Y=2065.353 Z=344.332) RuntimeGrid:None EditorOnly:0 RuntimeOnly:0 HLODRelevant:1
 |   |   |- Guid:CF0A751B48DCD9877EA26A888027A93C BaseClass: NativeClass:/Script/Landscape.LandscapeStreamingProxy Name:LandscapeStreamingProxy_9J3BXDSJIJIA6NWJOP0T7L2GM_62_3_1_0 Label:LandscapeStreamingProxy_3_1_0 SpatiallyLoaded:1 Bounds:IsValid=true, Min=(X=3100.000 Y=-3100.000 Z=339.844), Max=(X=6200.000 Y=0.000 Z=3294.922) RuntimeGrid:None EditorOnly:0 RuntimeOnly:0 HLODRelevant:1
 |   |   |- Guid:DC0526E04AFD832C3A8A22BE6B701BCC BaseClass: NativeClass:/Script/Engine.ExponentialHeightFog Name:ExponentialHeightFog_0 Label:ExponentialHeightFog SpatiallyLoaded:0 Bounds:IsValid=true, Min=(X=-5600.000 Y=-50.000 Z=-6850.000), Max=(X=-5600.000 Y=-50.000 Z=-6850.000) RuntimeGrid:None EditorOnly:0 RuntimeOnly:0 HLODRelevant:0 FolderPath:Lighting FolderGuid:0BA5F0A04EADB18E70D5B180D08FA34B
 |   |   |- Guid:DE8F06124EAEF4C620013194D696CB02 BaseClass: NativeClass:/Script/Landscape.LandscapeStreamingProxy Name:LandscapeStreamingProxy_9J3BXDSJIJIA6NWJOP0T7L2GM_62_2_3_0 Label:LandscapeStreamingProxy_2_3_0 SpatiallyLoaded:1 Bounds:IsValid=true, Min=(X=0.000 Y=3100.000 Z=567.188), Max=(X=3100.000 Y=6200.000 Z=3188.281) RuntimeGrid:None EditorOnly:0 RuntimeOnly:0 HLODRelevant:1
 |   |   |- Guid:E09F8193434DFCBC153E629549CBCF0B BaseClass: NativeClass:/Script/Engine.StaticMeshActor Name:StaticMeshActor_UAID_A4BB6D9A283219B401_1260162639 Label:Barn SpatiallyLoaded:1 Bounds:IsValid=true, Min=(X=1340.311 Y=1079.044 Z=95.678), Max=(X=2088.912 Y=1734.573 Z=559.872) RuntimeGrid:None EditorOnly:0 RuntimeOnly:0 HLODRelevant:1
 |   |   |- Guid:E2B887EF4A031FF49C2255B7E85C1F34 BaseClass: NativeClass:/Script/Landscape.LandscapeStreamingProxy Name:LandscapeStreamingProxy_9J3BXDSJIJIA6NWJOP0T7L2GM_62_1_0_0 Label:LandscapeStreamingProxy_1_0_0 SpatiallyLoaded:1 Bounds:IsValid=true, Min=(X=-3100.000 Y=-6200.000 Z=375.000), Max=(X=0.000 Y=-3100.000 Z=2966.797) RuntimeGrid:None EditorOnly:0 RuntimeOnly:0 HLODRelevant:1
 |   |   |- Guid:E30925C4463C2003FC35E48964437B8D BaseClass: NativeClass:/Script/Landscape.Landscape Name:Landscape_UAID_A4BB6D9A2C6EE5B101_2139536378 Label:Landscape SpatiallyLoaded:0 Bounds:IsValid=true, Min=(X=-6200.000 Y=-6200.000 Z=100.000), Max=(X=-6200.000 Y=-6200.000 Z=100.000) RuntimeGrid:None EditorOnly:0 RuntimeOnly:0 HLODRelevant:0
 |   |   |- Guid:E834FBEE4D496F7C002526A65F98120E BaseClass: NativeClass:/Script/Landscape.LandscapeStreamingProxy Name:LandscapeStreamingProxy_9J3BXDSJIJIA6NWJOP0T7L2GM_62_0_1_0 Label:LandscapeStreamingProxy_0_1_0 SpatiallyLoaded:1 Bounds:IsValid=true, Min=(X=-6200.000 Y=-3100.000 Z=623.047), Max=(X=-3100.000 Y=0.000 Z=4686.719) RuntimeGrid:None EditorOnly:0 RuntimeOnly:0 HLODRelevant:1
 |   |   |- Guid:EDC6225243EA64369C43FAAC0EA4DD5E BaseClass: NativeClass:/Script/Engine.StaticMeshActor Name:StaticMeshActor_UAID_A4AE111137DC5EFB00_2001720423 Label:SM_SkySphere SpatiallyLoaded:0 Bounds:IsValid=true, Min=(X=-1638400.000 Y=-1638400.000 Z=-1638400.000), Max=(X=1638400.000 Y=1638400.000 Z=1638400.000) RuntimeGrid:None EditorOnly:0 RuntimeOnly:0 HLODRelevant:1 FolderPath:Lighting FolderGuid:0BA5F0A04EADB18E70D5B180D08FA34B
 |   |   |- Guid:EDF9E5BB4336FC0DA5D29CAA0997FA8D BaseClass: NativeClass:/Script/Landscape.LandscapeStreamingProxy Name:LandscapeStreamingProxy_9J3BXDSJIJIA6NWJOP0T7L2GM_62_1_3_0 Label:LandscapeStreamingProxy_1_3_0 SpatiallyLoaded:1 Bounds:IsValid=true, Min=(X=-3100.000 Y=3100.000 Z=582.812), Max=(X=0.000 Y=6200.000 Z=3196.094) RuntimeGrid:None EditorOnly:0 RuntimeOnly:0 HLODRelevant:1
 |   |   |- Guid:F81F8DD849C05979F80669B1B9E88EC8 BaseClass: NativeClass:/Script/Landscape.LandscapeStreamingProxy Name:LandscapeStreamingProxy_9J3BXDSJIJIA6NWJOP0T7L2GM_62_2_0_0 Label:LandscapeStreamingProxy_2_0_0 SpatiallyLoaded:1 Bounds:IsValid=true, Min=(X=0.000 Y=-6200.000 Z=408.984), Max=(X=3100.000 Y=-3100.000 Z=3087.891) RuntimeGrid:None EditorOnly:0 RuntimeOnly:0 HLODRelevant:1
 |   |- [+] Clusters:
 |   |   |- [+] [  0]
 |   |   |   |- Guid:AB9C66FA402A8D8EFCAB428AE4428D4D BaseClass: NativeClass:/Script/Engine.SkyAtmosphere Name:SkyAtmosphere_0 Label:SkyAtmosphere SpatiallyLoaded:0 Bounds:IsValid=true, Min=(X=0.000 Y=0.000 Z=1020.000), Max=(X=0.000 Y=0.000 Z=1020.000) RuntimeGrid:None EditorOnly:0 RuntimeOnly:0 HLODRelevant:0 FolderPath:Lighting FolderGuid:0BA5F0A04EADB18E70D5B180D08FA34B
 |   |   |- [+] [  1]
 |   |   |   |- Guid:451187DF40394D99471720817933E9D2 BaseClass: NativeClass:/Script/Engine.StaticMeshActor Name:StaticMeshActor_UAID_A4BB6D9A2C6EF7B101_1796090544 Label:rock_boulder_b2 SpatiallyLoaded:1 Bounds:IsValid=true, Min=(X=-74.179 Y=217.642 Z=47.270), Max=(X=190.220 Y=439.790 Z=262.447) RuntimeGrid:None EditorOnly:0 RuntimeOnly:0 HLODRelevant:1
 |   |   |- [+] [  2]
 |   |   |   |- Guid:05A7629D402C6E2D81042E8649FB7C6B BaseClass:/Game/Blueprints/BP_EscapeBox.BP_EscapeBox_C NativeClass:/Script/Engine.Actor Name:BP_EscapeBox_C_UAID_A4BB6D9A28325CB601_2121904543 Label:BP_EscapeBox SpatiallyLoaded:1 Bounds:IsValid=true, Min=(X=1046.000 Y=1362.000 Z=-28.000), Max=(X=1574.000 Y=1938.000 Z=548.000) RuntimeGrid:None EditorOnly:0 RuntimeOnly:0 HLODRelevant:0
 |   |   |- [+] [  3]
 |   |   |   |- Guid:7D174AA74E80B046AD32ACAA3E727000 BaseClass: NativeClass:/Script/Engine.SkyLight Name:SkyLight_0 Label:SkyLight SpatiallyLoaded:0 Bounds:IsValid=true, Min=(X=0.000 Y=0.000 Z=690.000), Max=(X=0.000 Y=0.000 Z=690.000) RuntimeGrid:None EditorOnly:0 RuntimeOnly:0 HLODRelevant:0 FolderPath:Lighting FolderGuid:0BA5F0A04EADB18E70D5B180D08FA34B
 |   |   |- [+] [  4]
 |   |   |   |- Guid:4AC651AA44BA3062E26719AC5E37ED9D BaseClass:/Game/Blueprints/BP_Ink.BP_Ink_C NativeClass:/Script/Engine.Actor Name:BP_Quill_C_UAID_A4BB6D9A283228B401_1332157279 Label:BP_Quill SpatiallyLoaded:1 Bounds:IsValid=true, Min=(X=1616.000 Y=-564.000 Z=136.000), Max=(X=1744.000 Y=-436.000 Z=264.000) RuntimeGrid:None EditorOnly:0 RuntimeOnly:0 HLODRelevant:0
 |   |   |- [+] [  5]
 |   |   |   |- Guid:EDF9E5BB4336FC0DA5D29CAA0997FA8D BaseClass: NativeClass:/Script/Landscape.LandscapeStreamingProxy Name:LandscapeStreamingProxy_9J3BXDSJIJIA6NWJOP0T7L2GM_62_1_3_0 Label:LandscapeStreamingProxy_1_3_0 SpatiallyLoaded:1 Bounds:IsValid=true, Min=(X=-3100.000 Y=3100.000 Z=582.812), Max=(X=0.000 Y=6200.000 Z=3196.094) RuntimeGrid:None EditorOnly:0 RuntimeOnly:0 HLODRelevant:1
 |   |   |- [+] [  6]
 |   |   |   |- Guid:8B43EE0047FDE0355713FC801603A73F BaseClass: NativeClass:/Script/Engine.ExponentialHeightFog Name:ExponentialHeightFog_UAID_A4BB6D9A28321DB401_2055262345 Label:ExponentialHeightFog2 SpatiallyLoaded:0 Bounds:IsValid=true, Min=(X=-5590.000 Y=-40.000 Z=-6850.000), Max=(X=-5590.000 Y=-40.000 Z=-6850.000) RuntimeGrid:None EditorOnly:0 RuntimeOnly:0 HLODRelevant:0 FolderPath:Lighting FolderGuid:0BA5F0A04EADB18E70D5B180D08FA34B
 |   |   |- [+] [  7]
 |   |   |   |- Guid:E2B887EF4A031FF49C2255B7E85C1F34 BaseClass: NativeClass:/Script/Landscape.LandscapeStreamingProxy Name:LandscapeStreamingProxy_9J3BXDSJIJIA6NWJOP0T7L2GM_62_1_0_0 Label:LandscapeStreamingProxy_1_0_0 SpatiallyLoaded:1 Bounds:IsValid=true, Min=(X=-3100.000 Y=-6200.000 Z=375.000), Max=(X=0.000 Y=-3100.000 Z=2966.797) RuntimeGrid:None EditorOnly:0 RuntimeOnly:0 HLODRelevant:1
 |   |   |- [+] [  8]
 |   |   |   |- Guid:DC0526E04AFD832C3A8A22BE6B701BCC BaseClass: NativeClass:/Script/Engine.ExponentialHeightFog Name:ExponentialHeightFog_0 Label:ExponentialHeightFog SpatiallyLoaded:0 Bounds:IsValid=true, Min=(X=-5600.000 Y=-50.000 Z=-6850.000), Max=(X=-5600.000 Y=-50.000 Z=-6850.000) RuntimeGrid:None EditorOnly:0 RuntimeOnly:0 HLODRelevant:0 FolderPath:Lighting FolderGuid:0BA5F0A04EADB18E70D5B180D08FA34B
 |   |   |- [+] [  9]
 |   |   |   |- Guid:E834FBEE4D496F7C002526A65F98120E BaseClass: NativeClass:/Script/Landscape.LandscapeStreamingProxy Name:LandscapeStreamingProxy_9J3BXDSJIJIA6NWJOP0T7L2GM_62_0_1_0 Label:LandscapeStreamingProxy_0_1_0 SpatiallyLoaded:1 Bounds:IsValid=true, Min=(X=-6200.000 Y=-3100.000 Z=623.047), Max=(X=-3100.000 Y=0.000 Z=4686.719) RuntimeGrid:None EditorOnly:0 RuntimeOnly:0 HLODRelevant:1
 |   |   |- [+] [ 10]
 |   |   |   |- Guid:25379CA6453701715B0C8D8986DCC73F BaseClass: NativeClass:/Script/Landscape.LandscapeStreamingProxy Name:LandscapeStreamingProxy_9J3BXDSJIJIA6NWJOP0T7L2GM_62_3_3_0 Label:LandscapeStreamingProxy_3_3_0 SpatiallyLoaded:1 Bounds:IsValid=true, Min=(X=3100.000 Y=3100.000 Z=852.344), Max=(X=6200.000 Y=6200.000 Z=3999.609) RuntimeGrid:None EditorOnly:0 RuntimeOnly:0 HLODRelevant:1
 |   |   |- [+] [ 11]
 |   |   |   |- Guid:E09F8193434DFCBC153E629549CBCF0B BaseClass: NativeClass:/Script/Engine.StaticMeshActor Name:StaticMeshActor_UAID_A4BB6D9A283219B401_1260162639 Label:Barn SpatiallyLoaded:1 Bounds:IsValid=true, Min=(X=1340.311 Y=1079.044 Z=95.678), Max=(X=2088.912 Y=1734.573 Z=559.872) RuntimeGrid:None EditorOnly:0 RuntimeOnly:0 HLODRelevant:1
 |   |   |- [+] [ 12]
 |   |   |   |- Guid:AEBF83D146B9FA51FBAB95A6D9894ACA BaseClass: NativeClass:/Script/Landscape.LandscapeStreamingProxy Name:LandscapeStreamingProxy_9J3BXDSJIJIA6NWJOP0T7L2GM_62_3_0_0 Label:LandscapeStreamingProxy_3_0_0 SpatiallyLoaded:1 Bounds:IsValid=true, Min=(X=3100.000 Y=-6200.000 Z=813.672), Max=(X=6200.000 Y=-3100.000 Z=4251.562) RuntimeGrid:None EditorOnly:0 RuntimeOnly:0 HLODRelevant:1
 |   |   |- [+] [ 13]
 |   |   |   |- Guid:F81F8DD849C05979F80669B1B9E88EC8 BaseClass: NativeClass:/Script/Landscape.LandscapeStreamingProxy Name:LandscapeStreamingProxy_9J3BXDSJIJIA6NWJOP0T7L2GM_62_2_0_0 Label:LandscapeStreamingProxy_2_0_0 SpatiallyLoaded:1 Bounds:IsValid=true, Min=(X=0.000 Y=-6200.000 Z=408.984), Max=(X=3100.000 Y=-3100.000 Z=3087.891) RuntimeGrid:None EditorOnly:0 RuntimeOnly:0 HLODRelevant:1
 |   |   |- [+] [ 14]
 |   |   |   |- Guid:A3912BC8467630692D2C4B90280F736F BaseClass:/Game/Blueprints/BP_Letter.BP_Letter_C NativeClass:/Script/Engine.Actor Name:BP_Letter_C_UAID_A4BB6D9A28322BB401_1652097809 Label:BP_Letter SpatiallyLoaded:1 Bounds:IsValid=true, Min=(X=-3014.000 Y=1236.000 Z=346.000), Max=(X=-2886.000 Y=1364.000 Z=474.000) RuntimeGrid:None EditorOnly:0 RuntimeOnly:0 HLODRelevant:0
 |   |   |- [+] [ 15]
 |   |   |   |- Guid:00632521469884BB342E54ADABAFD022 BaseClass:/Game/Blueprints/BP_FeatherQuill.BP_FeatherQuill_C NativeClass:/Script/Engine.Actor Name:BP_FeatherQuill_C_UAID_A4BB6D9A28322BB401_1094776808 Label:BP_FeatherQuill SpatiallyLoaded:1 Bounds:IsValid=true, Min=(X=-4464.000 Y=686.000 Z=506.000), Max=(X=-4336.000 Y=814.000 Z=634.000) RuntimeGrid:None EditorOnly:0 RuntimeOnly:0 HLODRelevant:0
 |   |   |- [+] [ 16]
 |   |   |   |- Guid:8D8C8BD34601455585A14FA7521E0FF9 BaseClass: NativeClass:/Script/Engine.VolumetricCloud Name:VolumetricCloud_0 Label:VolumetricCloud SpatiallyLoaded:0 Bounds:IsValid=true, Min=(X=0.000 Y=0.000 Z=820.000), Max=(X=0.000 Y=0.000 Z=820.000) RuntimeGrid:None EditorOnly:0 RuntimeOnly:0 HLODRelevant:0 FolderPath:Lighting FolderGuid:0BA5F0A04EADB18E70D5B180D08FA34B
 |   |   |- [+] [ 17]
 |   |   |   |- Guid:B589A1754248A3D990358C95A5D8BB0D BaseClass: NativeClass:/Script/Engine.StaticMeshActor Name:StaticMeshActor_UAID_A4BB6D9A2C6EF8B101_1930447728 Label:old_water_well SpatiallyLoaded:1 Bounds:IsValid=true, Min=(X=1111.571 Y=1858.969 Z=100.000), Max=(X=1339.908 Y=2065.353 Z=344.332) RuntimeGrid:None EditorOnly:0 RuntimeOnly:0 HLODRelevant:1
 |   |   |- [+] [ 18]
 |   |   |   |- Guid:A7A86C464415F37034AD20A5C4E6507A BaseClass: NativeClass:/Script/Landscape.LandscapeStreamingProxy Name:LandscapeStreamingProxy_9J3BXDSJIJIA6NWJOP0T7L2GM_62_3_2_0 Label:LandscapeStreamingProxy_3_2_0 SpatiallyLoaded:1 Bounds:IsValid=true, Min=(X=3100.000 Y=0.000 Z=215.234), Max=(X=6200.000 Y=3100.000 Z=2998.438) RuntimeGrid:None EditorOnly:0 RuntimeOnly:0 HLODRelevant:1
 |   |   |- [+] [ 19]
 |   |   |   |- Guid:2057548443330618673A9BAF0D4ED2E7 BaseClass: NativeClass:/Script/Engine.StaticMeshActor Name:StaticMeshActor_UAID_A4BB6D9A2C6EF7B101_1801001545 Label:rock_boulder_b1 SpatiallyLoaded:1 Bounds:IsValid=true, Min=(X=-154.179 Y=227.642 Z=-2.730), Max=(X=110.220 Y=449.790 Z=212.447) RuntimeGrid:None EditorOnly:0 RuntimeOnly:0 HLODRelevant:1
 |   |   |- [+] [ 20]
 |   |   |   |- Guid:CF0A751B48DCD9877EA26A888027A93C BaseClass: NativeClass:/Script/Landscape.LandscapeStreamingProxy Name:LandscapeStreamingProxy_9J3BXDSJIJIA6NWJOP0T7L2GM_62_3_1_0 Label:LandscapeStreamingProxy_3_1_0 SpatiallyLoaded:1 Bounds:IsValid=true, Min=(X=3100.000 Y=-3100.000 Z=339.844), Max=(X=6200.000 Y=0.000 Z=3294.922) RuntimeGrid:None EditorOnly:0 RuntimeOnly:0 HLODRelevant:1
 |   |   |- [+] [ 21]
 |   |   |   |- Guid:A2AF2F6F46B421704501269FF663BC93 BaseClass: NativeClass:/Script/Engine.WorldDataLayers Name:WorldDataLayers Label:WorldDataLayers SpatiallyLoaded:0 Bounds:IsValid=true, Min=(X=0.000 Y=0.000 Z=0.000), Max=(X=0.000 Y=0.000 Z=0.000) RuntimeGrid:None EditorOnly:0 RuntimeOnly:0 HLODRelevant:0
 |   |   |- [+] [ 22]
 |   |   |   |- Guid:7AD773554F325C9027B046AB1AD282B7 BaseClass: NativeClass:/Script/Landscape.LandscapeStreamingProxy Name:LandscapeStreamingProxy_9J3BXDSJIJIA6NWJOP0T7L2GM_62_2_2_0 Label:LandscapeStreamingProxy_2_2_0 SpatiallyLoaded:1 Bounds:IsValid=true, Min=(X=0.000 Y=0.000 Z=100.000), Max=(X=3100.000 Y=3100.000 Z=2106.641) RuntimeGrid:None EditorOnly:0 RuntimeOnly:0 HLODRelevant:1
 |   |   |- [+] [ 23]
 |   |   |   |- Guid:4BB1F69F4CCEF14364A5AB8BB4BEEC60 BaseClass: NativeClass:/Script/Engine.PostProcessVolume Name:PostProcessVolume_0 Label:PostProcessVolume SpatiallyLoaded:0 Bounds:IsValid=true, Min=(X=-6525.000 Y=-7750.000 Z=-4825.000), Max=(X=6725.000 Y=7950.000 Z=5825.000) RuntimeGrid:None EditorOnly:0 RuntimeOnly:0 HLODRelevant:0 FolderPath:Lighting FolderGuid:0BA5F0A04EADB18E70D5B180D08FA34B
 |   |   |- [+] [ 24]
 |   |   |   |- Guid:35EAEFAD4E284C2CA68961A8A61A42D7 BaseClass: NativeClass:/Script/Landscape.LandscapeStreamingProxy Name:LandscapeStreamingProxy_9J3BXDSJIJIA6NWJOP0T7L2GM_62_2_1_0 Label:LandscapeStreamingProxy_2_1_0 SpatiallyLoaded:1 Bounds:IsValid=true, Min=(X=0.000 Y=-3100.000 Z=101.562), Max=(X=3100.000 Y=0.000 Z=985.547) RuntimeGrid:None EditorOnly:0 RuntimeOnly:0 HLODRelevant:1
 |   |   |- [+] [ 25]
 |   |   |   |- Guid:E30925C4463C2003FC35E48964437B8D BaseClass: NativeClass:/Script/Landscape.Landscape Name:Landscape_UAID_A4BB6D9A2C6EE5B101_2139536378 Label:Landscape SpatiallyLoaded:0 Bounds:IsValid=true, Min=(X=-6200.000 Y=-6200.000 Z=100.000), Max=(X=-6200.000 Y=-6200.000 Z=100.000) RuntimeGrid:None EditorOnly:0 RuntimeOnly:0 HLODRelevant:0
 |   |   |- [+] [ 26]
 |   |   |   |- Guid:EDC6225243EA64369C43FAAC0EA4DD5E BaseClass: NativeClass:/Script/Engine.StaticMeshActor Name:StaticMeshActor_UAID_A4AE111137DC5EFB00_2001720423 Label:SM_SkySphere SpatiallyLoaded:0 Bounds:IsValid=true, Min=(X=-1638400.000 Y=-1638400.000 Z=-1638400.000), Max=(X=1638400.000 Y=1638400.000 Z=1638400.000) RuntimeGrid:None EditorOnly:0 RuntimeOnly:0 HLODRelevant:1 FolderPath:Lighting FolderGuid:0BA5F0A04EADB18E70D5B180D08FA34B
 |   |   |- [+] [ 27]
 |   |   |   |- Guid:06504E0F4A7E0AC61F08269557B9B0FD BaseClass: NativeClass:/Script/Landscape.LandscapeStreamingProxy Name:LandscapeStreamingProxy_9J3BXDSJIJIA6NWJOP0T7L2GM_62_1_2_0 Label:LandscapeStreamingProxy_1_2_0 SpatiallyLoaded:1 Bounds:IsValid=true, Min=(X=-3100.000 Y=0.000 Z=100.000), Max=(X=0.000 Y=3100.000 Z=966.797) RuntimeGrid:None EditorOnly:0 RuntimeOnly:0 HLODRelevant:1
 |   |   |- [+] [ 28]
 |   |   |   |- Guid:958848D54C7B07CF2B10629BD9F47AF6 BaseClass: NativeClass:/Script/Landscape.LandscapeStreamingProxy Name:LandscapeStreamingProxy_9J3BXDSJIJIA6NWJOP0T7L2GM_62_0_0_0 Label:LandscapeStreamingProxy_0_0_0 SpatiallyLoaded:1 Bounds:IsValid=true, Min=(X=-6200.000 Y=-6200.000 Z=1185.156), Max=(X=-3100.000 Y=-3100.000 Z=4744.141) RuntimeGrid:None EditorOnly:0 RuntimeOnly:0 HLODRelevant:1
 |   |   |- [+] [ 29]
 |   |   |   |- Guid:8081517D43B47A5313701D9D8ABA9B09 BaseClass:/Game/Blueprints/BP_Key.BP_Key_C NativeClass:/Script/Engine.Actor Name:BP_Key_C_UAID_A4BB6D9A283225B401_1376967755 Label:BP_Key SpatiallyLoaded:1 Bounds:IsValid=true, Min=(X=-948.881 Y=-2346.646 Z=109.228), Max=(X=-768.550 Y=-2166.315 Z=237.228) RuntimeGrid:None EditorOnly:0 RuntimeOnly:0 HLODRelevant:0
 |   |   |- [+] [ 30]
 |   |   |   |- Guid:A6B686CF48D64B54AC0B1E96249837BA BaseClass: NativeClass:/Script/Landscape.LandscapeStreamingProxy Name:LandscapeStreamingProxy_9J3BXDSJIJIA6NWJOP0T7L2GM_62_1_1_0 Label:LandscapeStreamingProxy_1_1_0 SpatiallyLoaded:1 Bounds:IsValid=true, Min=(X=-3100.000 Y=-3100.000 Z=101.562), Max=(X=0.000 Y=0.000 Z=2316.797) RuntimeGrid:None EditorOnly:0 RuntimeOnly:0 HLODRelevant:1
 |   |   |- [+] [ 31]
 |   |   |   |- Guid:9DA7955D42D1C68B663516ACD9C8DA7C BaseClass: NativeClass:/Script/Landscape.LandscapeStreamingProxy Name:LandscapeStreamingProxy_9J3BXDSJIJIA6NWJOP0T7L2GM_62_0_2_0 Label:LandscapeStreamingProxy_0_2_0 SpatiallyLoaded:1 Bounds:IsValid=true, Min=(X=-6200.000 Y=0.000 Z=317.578), Max=(X=-3100.000 Y=3100.000 Z=1713.281) RuntimeGrid:None EditorOnly:0 RuntimeOnly:0 HLODRelevant:1
 |   |   |- [+] [ 32]
 |   |   |   |- Guid:2501127B4814CE785A77D881E06CE8E5 BaseClass: NativeClass:/Script/Engine.DirectionalLight Name:DirectionalLight_1 Label:DirectionalLight SpatiallyLoaded:0 Bounds:IsValid=true, Min=(X=-4398046511104.000 Y=-4398046511104.000 Z=-4398046511104.000), Max=(X=4398046511104.000 Y=4398046511104.000 Z=4398046511104.000) RuntimeGrid:None EditorOnly:0 RuntimeOnly:0 HLODRelevant:0 FolderPath:Lighting FolderGuid:0BA5F0A04EADB18E70D5B180D08FA34B
 |   |   |- [+] [ 33]
 |   |   |   |- Guid:B140176F453A510D62B6E691CA264062 BaseClass: NativeClass:/Script/Engine.PlayerStart Name:PlayerStart_0 Label:PlayerStart SpatiallyLoaded:0 Bounds:IsValid=true, Min=(X=1305.359 Y=1705.359 Z=120.013), Max=(X=1414.641 Y=1814.641 Z=304.013) RuntimeGrid:None EditorOnly:0 RuntimeOnly:0 HLODRelevant:0
 |   |   |- [+] [ 34]
 |   |   |   |- Guid:369F146040FA5343219056B86A73C7A9 BaseClass: NativeClass:/Script/Landscape.LandscapeStreamingProxy Name:LandscapeStreamingProxy_9J3BXDSJIJIA6NWJOP0T7L2GM_62_0_3_0 Label:LandscapeStreamingProxy_0_3_0 SpatiallyLoaded:1 Bounds:IsValid=true, Min=(X=-6200.000 Y=3100.000 Z=837.109), Max=(X=-3100.000 Y=6200.000 Z=2836.719) RuntimeGrid:None EditorOnly:0 RuntimeOnly:0 HLODRelevant:1
 |   |   |- [+] [ 35]
 |   |   |   |- Guid:DE8F06124EAEF4C620013194D696CB02 BaseClass: NativeClass:/Script/Landscape.LandscapeStreamingProxy Name:LandscapeStreamingProxy_9J3BXDSJIJIA6NWJOP0T7L2GM_62_2_3_0 Label:LandscapeStreamingProxy_2_3_0 SpatiallyLoaded:1 Bounds:IsValid=true, Min=(X=0.000 Y=3100.000 Z=567.188), Max=(X=3100.000 Y=6200.000 Z=3188.281) RuntimeGrid:None EditorOnly:0 RuntimeOnly:0 HLODRelevant:1
 |- ContainerInstances:
 |- [+] MainContainer:
 |   |-        ID: 0x0000000000000000
 |   |-    Bounds: IsValid=false, Min=(X=0.000 Y=0.000 Z=0.000), Max=(X=0.000 Y=0.000 Z=0.000)
 |   |- Transform: 0.000000,0.000000,0.000000|0.000000,0.000000,-0.000000|1.000000,1.000000,1.000000
 |   |- Container: /Game/Maps/HorrorLevel
----------------------------------------------------------------------------------------------------------------
HorrorLevel - Persistent Level
----------------------------------------------------------------------------------------------------------------
Always loaded Actor Count: 45 

----------------------------------------------------------------------------------------------------------------
HorrorLevel - Runtime Spatial Hash - Streaming Grid - MainGrid
----------------------------------------------------------------------------------------------------------------
            Origin: X=0.000 Y=0.000 Z=0.000
         Cell Size: 12800
      World Bounds: IsValid=false, Min=(X=0.000 Y=0.000 Z=0.000), Max=(X=0.000 Y=0.000 Z=0.000)
     Loading Range: 25600.00
Block Slow Loading: No
 ClientOnlyVisible: No

[+] Grid Levels: 1
 |- Level  0: Cell Count    0 | Cell Size   12800 | Actor Count    0 (0.0%)

[+] Content of Grid Level 0

