[+] Containers:
 |- [+] Container: /Game/Maps/UnHorrorLevel
 |   |- [+] ActorDescs:
 |   |   |- Guid:00060CC543C808ECB66EE2A3398A57B1 BaseClass: NativeClass:/Script/Engine.PlayerStart Name:PlayerStart_0 Label:PlayerStart SpatiallyLoaded:0 Bounds:IsValid=true, Min=(X=1305.359 Y=1705.359 Z=120.013), Max=(X=1414.641 Y=1814.641 Z=304.013) RuntimeGrid:None EditorOnly:0 RuntimeOnly:0 HLODRelevant:0
 |   |   |- Guid:02A46864495EE27FC304D59F627D68F4 BaseClass:/Game/Blueprints/MyBP_PumpkinEnemy.MyBP_PumpkinEnemy_C NativeClass:/Script/HorrorExperiment.BP_PumpkinEnemy Name:MyBP_PumpkinEnemy_C_UAID_A4BB6D9A283294B801_1218407521 Label:MyBP_PumpkinEnemy6 SpatiallyLoaded:1 Bounds:IsValid=true, Min=(X=3587.048 Y=123.293 Z=445.724), Max=(X=3683.048 Y=235.293 Z=534.724) RuntimeGrid:None EditorOnly:0 RuntimeOnly:0 HLODRelevant:0
 |   |   |- Guid:06ADE058409E5C2B39B174A20E9F8510 BaseClass: NativeClass:/Script/Engine.StaticMeshActor Name:StaticMeshActor_UAID_A4BB6D9A283283B801_1623426522 Label:Plane3 SpatiallyLoaded:1 Bounds:IsValid=true, Min=(X=6050.000 Y=-6580.000 Z=-1885.000), Max=(X=6050.000 Y=7020.000 Z=5665.000) RuntimeGrid:None EditorOnly:0 RuntimeOnly:0 HLODRelevant:1
 |   |   |- Guid:0AED88B64E8CFD8FC5A26A87549C1E5F BaseClass: NativeClass:/Script/NavigationSystem.RecastNavMesh Name:RecastNavMesh_UAID_A4BB6D9A283289B801-Default Label:RecastNavMesh-Default SpatiallyLoaded:0 Bounds:IsValid=true, Min=(X=0.000 Y=0.000 Z=0.000), Max=(X=0.000 Y=0.000 Z=0.000) RuntimeGrid:None EditorOnly:0 RuntimeOnly:0 HLODRelevant:0
 |   |   |- Guid:0B1B83E547B9F6854C1140B4E99006DF BaseClass: NativeClass:/Script/Engine.SkyAtmosphere Name:SkyAtmosphere_0 Label:SkyAtmosphere SpatiallyLoaded:0 Bounds:IsValid=true, Min=(X=0.000 Y=0.000 Z=1020.000), Max=(X=0.000 Y=0.000 Z=1020.000) RuntimeGrid:None EditorOnly:0 RuntimeOnly:0 HLODRelevant:0 FolderPath:Lighting FolderGuid:0BA5F0A04EADB18E70D5B180D08FA34B
 |   |   |- Guid:184BA082490A21562E06A48E691C3864 BaseClass: NativeClass:/Script/Landscape.LandscapeStreamingProxy Name:LandscapeStreamingProxy_9J3BXDSJIJIA6NWJOP0T7L2GM_62_2_2_0 Label:LandscapeStreamingProxy_2_2_0 SpatiallyLoaded:1 Bounds:IsValid=true, Min=(X=0.000 Y=0.000 Z=100.000), Max=(X=3100.000 Y=3100.000 Z=2106.641) RuntimeGrid:None EditorOnly:0 RuntimeOnly:0 HLODRelevant:1
 |   |   |- Guid:21307E8747CE9D6AECD0E986A7EBF150 BaseClass: NativeClass:/Script/Landscape.LandscapeStreamingProxy Name:LandscapeStreamingProxy_9J3BXDSJIJIA6NWJOP0T7L2GM_62_0_2_0 Label:LandscapeStreamingProxy_0_2_0 SpatiallyLoaded:1 Bounds:IsValid=true, Min=(X=-6200.000 Y=0.000 Z=317.578), Max=(X=-3100.000 Y=3100.000 Z=1713.281) RuntimeGrid:None EditorOnly:0 RuntimeOnly:0 HLODRelevant:1
 |   |   |- Guid:28DEDB07456892906A6F39A88B231E8A BaseClass:/Game/Blueprints/MyBP_PumpkinEnemy.MyBP_PumpkinEnemy_C NativeClass:/Script/HorrorExperiment.BP_PumpkinEnemy Name:MyBP_PumpkinEnemy_C_UAID_A4BB6D9A283294B801_1210289517 Label:MyBP_PumpkinEnemy2 SpatiallyLoaded:1 Bounds:IsValid=true, Min=(X=-1751.405 Y=67.405 Z=368.832), Max=(X=-1655.405 Y=179.405 Z=457.832) RuntimeGrid:None EditorOnly:0 RuntimeOnly:0 HLODRelevant:0
 |   |   |- Guid:2E7B28E14E17E40EE1522DB2396E1301 BaseClass: NativeClass:/Script/Engine.WorldDataLayers Name:WorldDataLayers Label:WorldDataLayers SpatiallyLoaded:0 Bounds:IsValid=true, Min=(X=0.000 Y=0.000 Z=0.000), Max=(X=0.000 Y=0.000 Z=0.000) RuntimeGrid:None EditorOnly:0 RuntimeOnly:0 HLODRelevant:0
 |   |   |- Guid:2FC518B745B0665D85EB1D856589A560 BaseClass: NativeClass:/Script/Engine.ExponentialHeightFog Name:ExponentialHeightFog_0 Label:ExponentialHeightFog SpatiallyLoaded:0 Bounds:IsValid=true, Min=(X=-5600.000 Y=-50.000 Z=-6850.000), Max=(X=-5600.000 Y=-50.000 Z=-6850.000) RuntimeGrid:None EditorOnly:0 RuntimeOnly:0 HLODRelevant:0 FolderPath:Lighting FolderGuid:0BA5F0A04EADB18E70D5B180D08FA34B
 |   |   |- Guid:323BE8614BF1166A19B6DC97BA12239A BaseClass: NativeClass:/Script/Landscape.LandscapeStreamingProxy Name:LandscapeStreamingProxy_9J3BXDSJIJIA6NWJOP0T7L2GM_62_2_1_0 Label:LandscapeStreamingProxy_2_1_0 SpatiallyLoaded:1 Bounds:IsValid=true, Min=(X=0.000 Y=-3100.000 Z=101.562), Max=(X=3100.000 Y=0.000 Z=985.547) RuntimeGrid:None EditorOnly:0 RuntimeOnly:0 HLODRelevant:1
 |   |   |- Guid:3506FCA94EA88DDE016819BF95A20898 BaseClass:/Game/Blueprints/BP_Letter.BP_Letter_C NativeClass:/Script/Engine.Actor Name:BP_Letter_C_UAID_A4BB6D9A28322BB401_1652097809 Label:BP_Letter SpatiallyLoaded:1 Bounds:IsValid=true, Min=(X=-3014.000 Y=1236.000 Z=346.000), Max=(X=-2886.000 Y=1364.000 Z=474.000) RuntimeGrid:None EditorOnly:0 RuntimeOnly:0 HLODRelevant:0
 |   |   |- Guid:375735CA45D081B45D2A87801E393469 BaseClass: NativeClass:/Script/Engine.StaticMeshActor Name:StaticMeshActor_UAID_A4BB6D9A2C6EF7B101_1801001545 Label:rock_boulder_b1 SpatiallyLoaded:1 Bounds:IsValid=true, Min=(X=-154.179 Y=227.642 Z=-2.730), Max=(X=110.220 Y=449.790 Z=212.447) RuntimeGrid:None EditorOnly:0 RuntimeOnly:0 HLODRelevant:1
 |   |   |- Guid:37E22C094AE9DFE35BD422ABA209AC46 BaseClass: NativeClass:/Script/Landscape.LandscapeStreamingProxy Name:LandscapeStreamingProxy_9J3BXDSJIJIA6NWJOP0T7L2GM_62_3_0_0 Label:LandscapeStreamingProxy_3_0_0 SpatiallyLoaded:1 Bounds:IsValid=true, Min=(X=3100.000 Y=-6200.000 Z=813.672), Max=(X=6200.000 Y=-3100.000 Z=4251.562) RuntimeGrid:None EditorOnly:0 RuntimeOnly:0 HLODRelevant:1
 |   |   |- Guid:4582063D4145ABD7BE02C4B58A066FFD BaseClass: NativeClass:/Script/Landscape.Landscape Name:Landscape_UAID_A4BB6D9A2C6EE5B101_2139536378 Label:Landscape SpatiallyLoaded:0 Bounds:IsValid=true, Min=(X=-6200.000 Y=-6200.000 Z=100.000), Max=(X=-6200.000 Y=-6200.000 Z=100.000) RuntimeGrid:None EditorOnly:0 RuntimeOnly:0 HLODRelevant:0
 |   |   |- Guid:4ABE0B4F4A551156B9613AA88645BE74 BaseClass: NativeClass:/Script/Landscape.LandscapeStreamingProxy Name:LandscapeStreamingProxy_9J3BXDSJIJIA6NWJOP0T7L2GM_62_3_2_0 Label:LandscapeStreamingProxy_3_2_0 SpatiallyLoaded:1 Bounds:IsValid=true, Min=(X=3100.000 Y=0.000 Z=215.234), Max=(X=6200.000 Y=3100.000 Z=2998.438) RuntimeGrid:None EditorOnly:0 RuntimeOnly:0 HLODRelevant:1
 |   |   |- Guid:4B7431D846580AD3BEE6A885DE56CBA6 BaseClass: NativeClass:/Script/Landscape.LandscapeStreamingProxy Name:LandscapeStreamingProxy_9J3BXDSJIJIA6NWJOP0T7L2GM_62_3_3_0 Label:LandscapeStreamingProxy_3_3_0 SpatiallyLoaded:1 Bounds:IsValid=true, Min=(X=3100.000 Y=3100.000 Z=852.344), Max=(X=6200.000 Y=6200.000 Z=3999.609) RuntimeGrid:None EditorOnly:0 RuntimeOnly:0 HLODRelevant:1
 |   |   |- Guid:5797739049273934420C97A21C9D3055 BaseClass:/Game/Blueprints/BP_EscapeBox.BP_EscapeBox_C NativeClass:/Script/Engine.Actor Name:BP_EscapeBox_C_UAID_A4BB6D9A28325CB601_2121904543 Label:BP_EscapeBox SpatiallyLoaded:1 Bounds:IsValid=true, Min=(X=1046.000 Y=1362.000 Z=-28.000), Max=(X=1574.000 Y=1938.000 Z=548.000) RuntimeGrid:None EditorOnly:0 RuntimeOnly:0 HLODRelevant:0
 |   |   |- Guid:58EE847A45610B1D0BBD8FA875832C7D BaseClass: NativeClass:/Script/Engine.StaticMeshActor Name:StaticMeshActor_UAID_A4BB6D9A2C6EF7B101_1796090544 Label:rock_boulder_b2 SpatiallyLoaded:1 Bounds:IsValid=true, Min=(X=-74.179 Y=217.642 Z=47.270), Max=(X=190.220 Y=439.790 Z=262.447) RuntimeGrid:None EditorOnly:0 RuntimeOnly:0 HLODRelevant:1
 |   |   |- Guid:59A4B53542FC3963F80FCEADE9C467A5 BaseClass: NativeClass:/Script/Landscape.LandscapeStreamingProxy Name:LandscapeStreamingProxy_9J3BXDSJIJIA6NWJOP0T7L2GM_62_1_2_0 Label:LandscapeStreamingProxy_1_2_0 SpatiallyLoaded:1 Bounds:IsValid=true, Min=(X=-3100.000 Y=0.000 Z=100.000), Max=(X=0.000 Y=3100.000 Z=966.797) RuntimeGrid:None EditorOnly:0 RuntimeOnly:0 HLODRelevant:1
 |   |   |- Guid:5A7B0DC64A0218CE370F1CAA087BA776 BaseClass:/Game/Blueprints/MyBP_PumpkinEnemy.MyBP_PumpkinEnemy_C NativeClass:/Script/HorrorExperiment.BP_PumpkinEnemy Name:MyBP_PumpkinEnemy_C_UAID_A4BB6D9A283294B801_1212605518 Label:MyBP_PumpkinEnemy3 SpatiallyLoaded:1 Bounds:IsValid=true, Min=(X=-578.000 Y=-2046.000 Z=143.000), Max=(X=-482.000 Y=-1934.000 Z=232.000) RuntimeGrid:None EditorOnly:0 RuntimeOnly:0 HLODRelevant:0
 |   |   |- Guid:5BB318CB46AD0DD965E9C9A803DFCC51 BaseClass:/Game/Blueprints/MyBP_PumpkinEnemy.MyBP_PumpkinEnemy_C NativeClass:/Script/HorrorExperiment.BP_PumpkinEnemy Name:MyBP_PumpkinEnemy_C_UAID_A4BB6D9A283294B801_1215858520 Label:MyBP_PumpkinEnemy5 SpatiallyLoaded:1 Bounds:IsValid=true, Min=(X=1496.795 Y=-1967.808 Z=582.763), Max=(X=1592.795 Y=-1855.808 Z=671.763) RuntimeGrid:None EditorOnly:0 RuntimeOnly:0 HLODRelevant:0
 |   |   |- Guid:5F6618754AC8A6AB7BE4778941401506 BaseClass:/Game/Blueprints/BP_Ink.BP_Ink_C NativeClass:/Script/Engine.Actor Name:BP_Quill_C_UAID_A4BB6D9A283228B401_1332157279 Label:BP_Quill SpatiallyLoaded:1 Bounds:IsValid=true, Min=(X=1616.000 Y=-564.000 Z=136.000), Max=(X=1744.000 Y=-436.000 Z=264.000) RuntimeGrid:None EditorOnly:0 RuntimeOnly:0 HLODRelevant:0
 |   |   |- Guid:5F7DB08344C241A6634568B82BE3E505 BaseClass: NativeClass:/Script/Engine.PostProcessVolume Name:PostProcessVolume_0 Label:PostProcessVolume SpatiallyLoaded:0 Bounds:IsValid=true, Min=(X=-6525.000 Y=-7750.000 Z=-4825.000), Max=(X=6725.000 Y=7950.000 Z=5825.000) RuntimeGrid:None EditorOnly:0 RuntimeOnly:0 HLODRelevant:0 FolderPath:Lighting FolderGuid:0BA5F0A04EADB18E70D5B180D08FA34B
 |   |   |- Guid:66793EAD465421E5BE4D7BB49950F4F7 BaseClass: NativeClass:/Script/Engine.SkyLight Name:SkyLight_0 Label:SkyLight SpatiallyLoaded:0 Bounds:IsValid=true, Min=(X=0.000 Y=0.000 Z=690.000), Max=(X=0.000 Y=0.000 Z=690.000) RuntimeGrid:None EditorOnly:0 RuntimeOnly:0 HLODRelevant:0 FolderPath:Lighting FolderGuid:0BA5F0A04EADB18E70D5B180D08FA34B
 |   |   |- Guid:74D3D3064A05EB9E2F6166857163CB7C BaseClass: NativeClass:/Script/Landscape.LandscapeStreamingProxy Name:LandscapeStreamingProxy_9J3BXDSJIJIA6NWJOP0T7L2GM_62_1_3_0 Label:LandscapeStreamingProxy_1_3_0 SpatiallyLoaded:1 Bounds:IsValid=true, Min=(X=-3100.000 Y=3100.000 Z=582.812), Max=(X=0.000 Y=6200.000 Z=3196.094) RuntimeGrid:None EditorOnly:0 RuntimeOnly:0 HLODRelevant:1
 |   |   |- Guid:7AFA072D40017E25ECC61DAD735F14D1 BaseClass:/Game/Blueprints/MyBP_PumpkinEnemy.MyBP_PumpkinEnemy_C NativeClass:/Script/HorrorExperiment.BP_PumpkinEnemy Name:MyBP_PumpkinEnemy_C_UAID_A4BB6D9A283294B801_1214117519 Label:MyBP_PumpkinEnemy4 SpatiallyLoaded:1 Bounds:IsValid=true, Min=(X=444.216 Y=-3409.755 Z=509.546), Max=(X=540.216 Y=-3297.755 Z=598.546) RuntimeGrid:None EditorOnly:0 RuntimeOnly:0 HLODRelevant:0
 |   |   |- Guid:7BB231354BC89C3BFF0ABF8AC28824C6 BaseClass:/Game/Blueprints/BP_Key.BP_Key_C NativeClass:/Script/Engine.Actor Name:BP_Key_C_UAID_A4BB6D9A283225B401_1376967755 Label:BP_Key SpatiallyLoaded:1 Bounds:IsValid=true, Min=(X=-948.881 Y=-2346.646 Z=109.228), Max=(X=-768.550 Y=-2166.315 Z=237.228) RuntimeGrid:None EditorOnly:0 RuntimeOnly:0 HLODRelevant:0
 |   |   |- Guid:7CDBF7D7417B6EEA32FEDA970DCA1020 BaseClass: NativeClass:/Script/Landscape.LandscapeStreamingProxy Name:LandscapeStreamingProxy_9J3BXDSJIJIA6NWJOP0T7L2GM_62_3_1_0 Label:LandscapeStreamingProxy_3_1_0 SpatiallyLoaded:1 Bounds:IsValid=true, Min=(X=3100.000 Y=-3100.000 Z=339.844), Max=(X=6200.000 Y=0.000 Z=3294.922) RuntimeGrid:None EditorOnly:0 RuntimeOnly:0 HLODRelevant:1
 |   |   |- Guid:812C6A8C48488CB99312FEBD8A3F9A2A BaseClass: NativeClass:/Script/Engine.StaticMeshActor Name:StaticMeshActor_UAID_A4BB6D9A283283B801_1469145519 Label:Plane SpatiallyLoaded:1 Bounds:IsValid=true, Min=(X=-6160.000 Y=-6950.000 Z=-1885.000), Max=(X=-6160.000 Y=6650.000 Z=5665.000) RuntimeGrid:None EditorOnly:0 RuntimeOnly:0 HLODRelevant:1
 |   |   |- Guid:93F032DD40DACE873FC8F2817140EEE5 BaseClass:/Game/Blueprints/BP_FeatherQuill.BP_FeatherQuill_C NativeClass:/Script/Engine.Actor Name:BP_FeatherQuill_C_UAID_A4BB6D9A28322BB401_1094776808 Label:BP_FeatherQuill SpatiallyLoaded:1 Bounds:IsValid=true, Min=(X=-4464.000 Y=686.000 Z=506.000), Max=(X=-4336.000 Y=814.000 Z=634.000) RuntimeGrid:None EditorOnly:0 RuntimeOnly:0 HLODRelevant:0
 |   |   |- Guid:94DB45C846D156FE9E10C99D805B75D4 BaseClass: NativeClass:/Script/Landscape.LandscapeStreamingProxy Name:LandscapeStreamingProxy_9J3BXDSJIJIA6NWJOP0T7L2GM_62_1_0_0 Label:LandscapeStreamingProxy_1_0_0 SpatiallyLoaded:1 Bounds:IsValid=true, Min=(X=-3100.000 Y=-6200.000 Z=375.000), Max=(X=0.000 Y=-3100.000 Z=2966.797) RuntimeGrid:None EditorOnly:0 RuntimeOnly:0 HLODRelevant:1
 |   |   |- Guid:9894F8F7489952C60FB871A4E993D5DB BaseClass: NativeClass:/Script/Landscape.LandscapeStreamingProxy Name:LandscapeStreamingProxy_9J3BXDSJIJIA6NWJOP0T7L2GM_62_0_3_0 Label:LandscapeStreamingProxy_0_3_0 SpatiallyLoaded:1 Bounds:IsValid=true, Min=(X=-6200.000 Y=3100.000 Z=837.109), Max=(X=-3100.000 Y=6200.000 Z=2836.719) RuntimeGrid:None EditorOnly:0 RuntimeOnly:0 HLODRelevant:1
 |   |   |- Guid:9A37077C423E65EB61E115A47959C525 BaseClass: NativeClass:/Script/Engine.VolumetricCloud Name:VolumetricCloud_0 Label:VolumetricCloud SpatiallyLoaded:0 Bounds:IsValid=true, Min=(X=0.000 Y=0.000 Z=820.000), Max=(X=0.000 Y=0.000 Z=820.000) RuntimeGrid:None EditorOnly:0 RuntimeOnly:0 HLODRelevant:0 FolderPath:Lighting FolderGuid:0BA5F0A04EADB18E70D5B180D08FA34B
 |   |   |- Guid:BBE22CB046B74D03525A4AAAA78867A2 BaseClass:/Game/Blueprints/MyBP_PumpkinEnemy.MyBP_PumpkinEnemy_C NativeClass:/Script/HorrorExperiment.BP_PumpkinEnemy Name:MyBP_PumpkinEnemy_C_UAID_A4BB6D9A283291B801_1859403988 Label:MyBP_PumpkinEnemy SpatiallyLoaded:1 Bounds:IsValid=true, Min=(X=-1385.825 Y=1460.792 Z=479.822), Max=(X=-1240.830 Y=1599.931 Z=568.822) RuntimeGrid:None EditorOnly:0 RuntimeOnly:0 HLODRelevant:0
 |   |   |- Guid:BFB456304239B55FC2946295BE1733BE BaseClass: NativeClass:/Script/Engine.StaticMeshActor Name:StaticMeshActor_UAID_A4BB6D9A283219B401_1260162639 Label:Barn SpatiallyLoaded:1 Bounds:IsValid=true, Min=(X=1340.311 Y=1079.044 Z=95.678), Max=(X=2088.912 Y=1734.573 Z=559.872) RuntimeGrid:None EditorOnly:0 RuntimeOnly:0 HLODRelevant:1
 |   |   |- Guid:BFE796DE4E32488B7AF11A85B12B63C9 BaseClass: NativeClass:/Script/NavigationSystem.NavMeshBoundsVolume Name:NavMeshBoundsVolume_UAID_A4BB6D9A283289B801_1158182577 Label:NavMeshBoundsVolume SpatiallyLoaded:0 Bounds:IsValid=true, Min=(X=-5685.000 Y=-6855.000 Z=-2210.000), Max=(X=8265.000 Y=7095.000 Z=8290.000) RuntimeGrid:None EditorOnly:0 RuntimeOnly:0 HLODRelevant:0
 |   |   |- Guid:C3D1B3124C8B4CC028000185081C8414 BaseClass: NativeClass:/Script/Engine.StaticMeshActor Name:StaticMeshActor_UAID_A4BB6D9A283283B801_1595069521 Label:Plane2 SpatiallyLoaded:1 Bounds:IsValid=true, Min=(X=-7010.000 Y=-6210.000 Z=-1885.000), Max=(X=6590.000 Y=-6210.000 Z=5665.000) RuntimeGrid:None EditorOnly:0 RuntimeOnly:0 HLODRelevant:1
 |   |   |- Guid:C9373F834BDB7BEFD28FDF9453204466 BaseClass: NativeClass:/Script/Engine.StaticMeshActor Name:StaticMeshActor_UAID_A4BB6D9A2C6EF8B101_1930447728 Label:old_water_well SpatiallyLoaded:1 Bounds:IsValid=true, Min=(X=1111.571 Y=1858.969 Z=100.000), Max=(X=1339.908 Y=2065.353 Z=344.332) RuntimeGrid:None EditorOnly:0 RuntimeOnly:0 HLODRelevant:1
 |   |   |- Guid:CDE5BA174FFD3F021599459AD2834066 BaseClass: NativeClass:/Script/Landscape.LandscapeStreamingProxy Name:LandscapeStreamingProxy_9J3BXDSJIJIA6NWJOP0T7L2GM_62_0_0_0 Label:LandscapeStreamingProxy_0_0_0 SpatiallyLoaded:1 Bounds:IsValid=true, Min=(X=-6200.000 Y=-6200.000 Z=1185.156), Max=(X=-3100.000 Y=-3100.000 Z=4744.141) RuntimeGrid:None EditorOnly:0 RuntimeOnly:0 HLODRelevant:1
 |   |   |- Guid:CF8D46E14D881C3966E88BAE862FC24B BaseClass: NativeClass:/Script/Landscape.LandscapeStreamingProxy Name:LandscapeStreamingProxy_9J3BXDSJIJIA6NWJOP0T7L2GM_62_1_1_0 Label:LandscapeStreamingProxy_1_1_0 SpatiallyLoaded:1 Bounds:IsValid=true, Min=(X=-3100.000 Y=-3100.000 Z=101.562), Max=(X=0.000 Y=0.000 Z=2316.797) RuntimeGrid:None EditorOnly:0 RuntimeOnly:0 HLODRelevant:1
 |   |   |- Guid:DF5C307D4866DB8699A845AE59B34BA3 BaseClass: NativeClass:/Script/Landscape.LandscapeStreamingProxy Name:LandscapeStreamingProxy_9J3BXDSJIJIA6NWJOP0T7L2GM_62_2_3_0 Label:LandscapeStreamingProxy_2_3_0 SpatiallyLoaded:1 Bounds:IsValid=true, Min=(X=0.000 Y=3100.000 Z=567.188), Max=(X=3100.000 Y=6200.000 Z=3188.281) RuntimeGrid:None EditorOnly:0 RuntimeOnly:0 HLODRelevant:1
 |   |   |- Guid:E01C64D04B085E7D4A4CC188EEF002D5 BaseClass: NativeClass:/Script/Engine.ExponentialHeightFog Name:ExponentialHeightFog_UAID_A4BB6D9A28321DB401_2055262345 Label:ExponentialHeightFog2 SpatiallyLoaded:0 Bounds:IsValid=true, Min=(X=-5590.000 Y=-40.000 Z=-6850.000), Max=(X=-5590.000 Y=-40.000 Z=-6850.000) RuntimeGrid:None EditorOnly:0 RuntimeOnly:0 HLODRelevant:0 FolderPath:Lighting FolderGuid:0BA5F0A04EADB18E70D5B180D08FA34B
 |   |   |- Guid:E6E5BA694643D44B0E6BA789FA7A5479 BaseClass: NativeClass:/Script/Engine.DirectionalLight Name:DirectionalLight_1 Label:DirectionalLight SpatiallyLoaded:0 Bounds:IsValid=true, Min=(X=-4398046511104.000 Y=-4398046511104.000 Z=-4398046511104.000), Max=(X=4398046511104.000 Y=4398046511104.000 Z=4398046511104.000) RuntimeGrid:None EditorOnly:0 RuntimeOnly:0 HLODRelevant:0 FolderPath:Lighting FolderGuid:0BA5F0A04EADB18E70D5B180D08FA34B
 |   |   |- Guid:E849706F4505722B75248192C2075EBC BaseClass: NativeClass:/Script/Landscape.LandscapeStreamingProxy Name:LandscapeStreamingProxy_9J3BXDSJIJIA6NWJOP0T7L2GM_62_0_1_0 Label:LandscapeStreamingProxy_0_1_0 SpatiallyLoaded:1 Bounds:IsValid=true, Min=(X=-6200.000 Y=-3100.000 Z=623.047), Max=(X=-3100.000 Y=0.000 Z=4686.719) RuntimeGrid:None EditorOnly:0 RuntimeOnly:0 HLODRelevant:1
 |   |   |- Guid:EB766139486FEDDC7F403A845E137266 BaseClass: NativeClass:/Script/Engine.StaticMeshActor Name:StaticMeshActor_UAID_A4AE111137DC5EFB00_2001720423 Label:SM_SkySphere SpatiallyLoaded:0 Bounds:IsValid=true, Min=(X=-1638400.000 Y=-1638400.000 Z=-1638400.000), Max=(X=1638400.000 Y=1638400.000 Z=1638400.000) RuntimeGrid:None EditorOnly:0 RuntimeOnly:0 HLODRelevant:1 FolderPath:Lighting FolderGuid:0BA5F0A04EADB18E70D5B180D08FA34B
 |   |   |- Guid:EF335519493D4C995F02C686BABD4E94 BaseClass: NativeClass:/Script/Engine.StaticMeshActor Name:StaticMeshActor_UAID_A4BB6D9A283283B801_1654327523 Label:Plane4 SpatiallyLoaded:1 Bounds:IsValid=true, Min=(X=-6720.000 Y=6080.000 Z=-1885.000), Max=(X=6880.000 Y=6080.000 Z=5665.000) RuntimeGrid:None EditorOnly:0 RuntimeOnly:0 HLODRelevant:1
 |   |   |- Guid:F9CD60B84AFD3D0ACD80D2A640AC691B BaseClass: NativeClass:/Script/Landscape.LandscapeStreamingProxy Name:LandscapeStreamingProxy_9J3BXDSJIJIA6NWJOP0T7L2GM_62_2_0_0 Label:LandscapeStreamingProxy_2_0_0 SpatiallyLoaded:1 Bounds:IsValid=true, Min=(X=0.000 Y=-6200.000 Z=408.984), Max=(X=3100.000 Y=-3100.000 Z=3087.891) RuntimeGrid:None EditorOnly:0 RuntimeOnly:0 HLODRelevant:1
 |   |   |- Guid:FE19EBAF4E05628432386EB8349A2CA1 BaseClass:/Game/Blueprints/MyBP_PumpkinEnemy.MyBP_PumpkinEnemy_C NativeClass:/Script/HorrorExperiment.BP_PumpkinEnemy Name:MyBP_PumpkinEnemy_C_UAID_A4BB6D9A283294B801_1219990522 Label:MyBP_PumpkinEnemy7 SpatiallyLoaded:1 Bounds:IsValid=true, Min=(X=2993.234 Y=-1526.355 Z=752.327), Max=(X=3089.234 Y=-1414.355 Z=841.327) RuntimeGrid:None EditorOnly:0 RuntimeOnly:0 HLODRelevant:0
 |   |- [+] Clusters:
 |   |   |- [+] [  0]
 |   |   |   |- Guid:93F032DD40DACE873FC8F2817140EEE5 BaseClass:/Game/Blueprints/BP_FeatherQuill.BP_FeatherQuill_C NativeClass:/Script/Engine.Actor Name:BP_FeatherQuill_C_UAID_A4BB6D9A28322BB401_1094776808 Label:BP_FeatherQuill SpatiallyLoaded:1 Bounds:IsValid=true, Min=(X=-4464.000 Y=686.000 Z=506.000), Max=(X=-4336.000 Y=814.000 Z=634.000) RuntimeGrid:None EditorOnly:0 RuntimeOnly:0 HLODRelevant:0
 |   |   |- [+] [  1]
 |   |   |   |- Guid:5797739049273934420C97A21C9D3055 BaseClass:/Game/Blueprints/BP_EscapeBox.BP_EscapeBox_C NativeClass:/Script/Engine.Actor Name:BP_EscapeBox_C_UAID_A4BB6D9A28325CB601_2121904543 Label:BP_EscapeBox SpatiallyLoaded:1 Bounds:IsValid=true, Min=(X=1046.000 Y=1362.000 Z=-28.000), Max=(X=1574.000 Y=1938.000 Z=548.000) RuntimeGrid:None EditorOnly:0 RuntimeOnly:0 HLODRelevant:0
 |   |   |- [+] [  2]
 |   |   |   |- Guid:58EE847A45610B1D0BBD8FA875832C7D BaseClass: NativeClass:/Script/Engine.StaticMeshActor Name:StaticMeshActor_UAID_A4BB6D9A2C6EF7B101_1796090544 Label:rock_boulder_b2 SpatiallyLoaded:1 Bounds:IsValid=true, Min=(X=-74.179 Y=217.642 Z=47.270), Max=(X=190.220 Y=439.790 Z=262.447) RuntimeGrid:None EditorOnly:0 RuntimeOnly:0 HLODRelevant:1
 |   |   |- [+] [  3]
 |   |   |   |- Guid:FE19EBAF4E05628432386EB8349A2CA1 BaseClass:/Game/Blueprints/MyBP_PumpkinEnemy.MyBP_PumpkinEnemy_C NativeClass:/Script/HorrorExperiment.BP_PumpkinEnemy Name:MyBP_PumpkinEnemy_C_UAID_A4BB6D9A283294B801_1219990522 Label:MyBP_PumpkinEnemy7 SpatiallyLoaded:1 Bounds:IsValid=true, Min=(X=2993.234 Y=-1526.355 Z=752.327), Max=(X=3089.234 Y=-1414.355 Z=841.327) RuntimeGrid:None EditorOnly:0 RuntimeOnly:0 HLODRelevant:0
 |   |   |- [+] [  4]
 |   |   |   |- Guid:9A37077C423E65EB61E115A47959C525 BaseClass: NativeClass:/Script/Engine.VolumetricCloud Name:VolumetricCloud_0 Label:VolumetricCloud SpatiallyLoaded:0 Bounds:IsValid=true, Min=(X=0.000 Y=0.000 Z=820.000), Max=(X=0.000 Y=0.000 Z=820.000) RuntimeGrid:None EditorOnly:0 RuntimeOnly:0 HLODRelevant:0 FolderPath:Lighting FolderGuid:0BA5F0A04EADB18E70D5B180D08FA34B
 |   |   |- [+] [  5]
 |   |   |   |- Guid:7CDBF7D7417B6EEA32FEDA970DCA1020 BaseClass: NativeClass:/Script/Landscape.LandscapeStreamingProxy Name:LandscapeStreamingProxy_9J3BXDSJIJIA6NWJOP0T7L2GM_62_3_1_0 Label:LandscapeStreamingProxy_3_1_0 SpatiallyLoaded:1 Bounds:IsValid=true, Min=(X=3100.000 Y=-3100.000 Z=339.844), Max=(X=6200.000 Y=0.000 Z=3294.922) RuntimeGrid:None EditorOnly:0 RuntimeOnly:0 HLODRelevant:1
 |   |   |- [+] [  6]
 |   |   |   |- Guid:00060CC543C808ECB66EE2A3398A57B1 BaseClass: NativeClass:/Script/Engine.PlayerStart Name:PlayerStart_0 Label:PlayerStart SpatiallyLoaded:0 Bounds:IsValid=true, Min=(X=1305.359 Y=1705.359 Z=120.013), Max=(X=1414.641 Y=1814.641 Z=304.013) RuntimeGrid:None EditorOnly:0 RuntimeOnly:0 HLODRelevant:0
 |   |   |- [+] [  7]
 |   |   |   |- Guid:4ABE0B4F4A551156B9613AA88645BE74 BaseClass: NativeClass:/Script/Landscape.LandscapeStreamingProxy Name:LandscapeStreamingProxy_9J3BXDSJIJIA6NWJOP0T7L2GM_62_3_2_0 Label:LandscapeStreamingProxy_3_2_0 SpatiallyLoaded:1 Bounds:IsValid=true, Min=(X=3100.000 Y=0.000 Z=215.234), Max=(X=6200.000 Y=3100.000 Z=2998.438) RuntimeGrid:None EditorOnly:0 RuntimeOnly:0 HLODRelevant:1
 |   |   |- [+] [  8]
 |   |   |   |- Guid:BFE796DE4E32488B7AF11A85B12B63C9 BaseClass: NativeClass:/Script/NavigationSystem.NavMeshBoundsVolume Name:NavMeshBoundsVolume_UAID_A4BB6D9A283289B801_1158182577 Label:NavMeshBoundsVolume SpatiallyLoaded:0 Bounds:IsValid=true, Min=(X=-5685.000 Y=-6855.000 Z=-2210.000), Max=(X=8265.000 Y=7095.000 Z=8290.000) RuntimeGrid:None EditorOnly:0 RuntimeOnly:0 HLODRelevant:0
 |   |   |- [+] [  9]
 |   |   |   |- Guid:E6E5BA694643D44B0E6BA789FA7A5479 BaseClass: NativeClass:/Script/Engine.DirectionalLight Name:DirectionalLight_1 Label:DirectionalLight SpatiallyLoaded:0 Bounds:IsValid=true, Min=(X=-4398046511104.000 Y=-4398046511104.000 Z=-4398046511104.000), Max=(X=4398046511104.000 Y=4398046511104.000 Z=4398046511104.000) RuntimeGrid:None EditorOnly:0 RuntimeOnly:0 HLODRelevant:0 FolderPath:Lighting FolderGuid:0BA5F0A04EADB18E70D5B180D08FA34B
 |   |   |- [+] [ 10]
 |   |   |   |- Guid:5BB318CB46AD0DD965E9C9A803DFCC51 BaseClass:/Game/Blueprints/MyBP_PumpkinEnemy.MyBP_PumpkinEnemy_C NativeClass:/Script/HorrorExperiment.BP_PumpkinEnemy Name:MyBP_PumpkinEnemy_C_UAID_A4BB6D9A283294B801_1215858520 Label:MyBP_PumpkinEnemy5 SpatiallyLoaded:1 Bounds:IsValid=true, Min=(X=1496.795 Y=-1967.808 Z=582.763), Max=(X=1592.795 Y=-1855.808 Z=671.763) RuntimeGrid:None EditorOnly:0 RuntimeOnly:0 HLODRelevant:0
 |   |   |- [+] [ 11]
 |   |   |   |- Guid:0AED88B64E8CFD8FC5A26A87549C1E5F BaseClass: NativeClass:/Script/NavigationSystem.RecastNavMesh Name:RecastNavMesh_UAID_A4BB6D9A283289B801-Default Label:RecastNavMesh-Default SpatiallyLoaded:0 Bounds:IsValid=true, Min=(X=0.000 Y=0.000 Z=0.000), Max=(X=0.000 Y=0.000 Z=0.000) RuntimeGrid:None EditorOnly:0 RuntimeOnly:0 HLODRelevant:0
 |   |   |- [+] [ 12]
 |   |   |   |- Guid:28DEDB07456892906A6F39A88B231E8A BaseClass:/Game/Blueprints/MyBP_PumpkinEnemy.MyBP_PumpkinEnemy_C NativeClass:/Script/HorrorExperiment.BP_PumpkinEnemy Name:MyBP_PumpkinEnemy_C_UAID_A4BB6D9A283294B801_1210289517 Label:MyBP_PumpkinEnemy2 SpatiallyLoaded:1 Bounds:IsValid=true, Min=(X=-1751.405 Y=67.405 Z=368.832), Max=(X=-1655.405 Y=179.405 Z=457.832) RuntimeGrid:None EditorOnly:0 RuntimeOnly:0 HLODRelevant:0
 |   |   |- [+] [ 13]
 |   |   |   |- Guid:EF335519493D4C995F02C686BABD4E94 BaseClass: NativeClass:/Script/Engine.StaticMeshActor Name:StaticMeshActor_UAID_A4BB6D9A283283B801_1654327523 Label:Plane4 SpatiallyLoaded:1 Bounds:IsValid=true, Min=(X=-6720.000 Y=6080.000 Z=-1885.000), Max=(X=6880.000 Y=6080.000 Z=5665.000) RuntimeGrid:None EditorOnly:0 RuntimeOnly:0 HLODRelevant:1
 |   |   |- [+] [ 14]
 |   |   |   |- Guid:06ADE058409E5C2B39B174A20E9F8510 BaseClass: NativeClass:/Script/Engine.StaticMeshActor Name:StaticMeshActor_UAID_A4BB6D9A283283B801_1623426522 Label:Plane3 SpatiallyLoaded:1 Bounds:IsValid=true, Min=(X=6050.000 Y=-6580.000 Z=-1885.000), Max=(X=6050.000 Y=7020.000 Z=5665.000) RuntimeGrid:None EditorOnly:0 RuntimeOnly:0 HLODRelevant:1
 |   |   |- [+] [ 15]
 |   |   |   |- Guid:3506FCA94EA88DDE016819BF95A20898 BaseClass:/Game/Blueprints/BP_Letter.BP_Letter_C NativeClass:/Script/Engine.Actor Name:BP_Letter_C_UAID_A4BB6D9A28322BB401_1652097809 Label:BP_Letter SpatiallyLoaded:1 Bounds:IsValid=true, Min=(X=-3014.000 Y=1236.000 Z=346.000), Max=(X=-2886.000 Y=1364.000 Z=474.000) RuntimeGrid:None EditorOnly:0 RuntimeOnly:0 HLODRelevant:0
 |   |   |- [+] [ 16]
 |   |   |   |- Guid:E01C64D04B085E7D4A4CC188EEF002D5 BaseClass: NativeClass:/Script/Engine.ExponentialHeightFog Name:ExponentialHeightFog_UAID_A4BB6D9A28321DB401_2055262345 Label:ExponentialHeightFog2 SpatiallyLoaded:0 Bounds:IsValid=true, Min=(X=-5590.000 Y=-40.000 Z=-6850.000), Max=(X=-5590.000 Y=-40.000 Z=-6850.000) RuntimeGrid:None EditorOnly:0 RuntimeOnly:0 HLODRelevant:0 FolderPath:Lighting FolderGuid:0BA5F0A04EADB18E70D5B180D08FA34B
 |   |   |- [+] [ 17]
 |   |   |   |- Guid:4B7431D846580AD3BEE6A885DE56CBA6 BaseClass: NativeClass:/Script/Landscape.LandscapeStreamingProxy Name:LandscapeStreamingProxy_9J3BXDSJIJIA6NWJOP0T7L2GM_62_3_3_0 Label:LandscapeStreamingProxy_3_3_0 SpatiallyLoaded:1 Bounds:IsValid=true, Min=(X=3100.000 Y=3100.000 Z=852.344), Max=(X=6200.000 Y=6200.000 Z=3999.609) RuntimeGrid:None EditorOnly:0 RuntimeOnly:0 HLODRelevant:1
 |   |   |- [+] [ 18]
 |   |   |   |- Guid:74D3D3064A05EB9E2F6166857163CB7C BaseClass: NativeClass:/Script/Landscape.LandscapeStreamingProxy Name:LandscapeStreamingProxy_9J3BXDSJIJIA6NWJOP0T7L2GM_62_1_3_0 Label:LandscapeStreamingProxy_1_3_0 SpatiallyLoaded:1 Bounds:IsValid=true, Min=(X=-3100.000 Y=3100.000 Z=582.812), Max=(X=0.000 Y=6200.000 Z=3196.094) RuntimeGrid:None EditorOnly:0 RuntimeOnly:0 HLODRelevant:1
 |   |   |- [+] [ 19]
 |   |   |   |- Guid:5F6618754AC8A6AB7BE4778941401506 BaseClass:/Game/Blueprints/BP_Ink.BP_Ink_C NativeClass:/Script/Engine.Actor Name:BP_Quill_C_UAID_A4BB6D9A283228B401_1332157279 Label:BP_Quill SpatiallyLoaded:1 Bounds:IsValid=true, Min=(X=1616.000 Y=-564.000 Z=136.000), Max=(X=1744.000 Y=-436.000 Z=264.000) RuntimeGrid:None EditorOnly:0 RuntimeOnly:0 HLODRelevant:0
 |   |   |- [+] [ 20]
 |   |   |   |- Guid:94DB45C846D156FE9E10C99D805B75D4 BaseClass: NativeClass:/Script/Landscape.LandscapeStreamingProxy Name:LandscapeStreamingProxy_9J3BXDSJIJIA6NWJOP0T7L2GM_62_1_0_0 Label:LandscapeStreamingProxy_1_0_0 SpatiallyLoaded:1 Bounds:IsValid=true, Min=(X=-3100.000 Y=-6200.000 Z=375.000), Max=(X=0.000 Y=-3100.000 Z=2966.797) RuntimeGrid:None EditorOnly:0 RuntimeOnly:0 HLODRelevant:1
 |   |   |- [+] [ 21]
 |   |   |   |- Guid:375735CA45D081B45D2A87801E393469 BaseClass: NativeClass:/Script/Engine.StaticMeshActor Name:StaticMeshActor_UAID_A4BB6D9A2C6EF7B101_1801001545 Label:rock_boulder_b1 SpatiallyLoaded:1 Bounds:IsValid=true, Min=(X=-154.179 Y=227.642 Z=-2.730), Max=(X=110.220 Y=449.790 Z=212.447) RuntimeGrid:None EditorOnly:0 RuntimeOnly:0 HLODRelevant:1
 |   |   |- [+] [ 22]
 |   |   |   |- Guid:323BE8614BF1166A19B6DC97BA12239A BaseClass: NativeClass:/Script/Landscape.LandscapeStreamingProxy Name:LandscapeStreamingProxy_9J3BXDSJIJIA6NWJOP0T7L2GM_62_2_1_0 Label:LandscapeStreamingProxy_2_1_0 SpatiallyLoaded:1 Bounds:IsValid=true, Min=(X=0.000 Y=-3100.000 Z=101.562), Max=(X=3100.000 Y=0.000 Z=985.547) RuntimeGrid:None EditorOnly:0 RuntimeOnly:0 HLODRelevant:1
 |   |   |- [+] [ 23]
 |   |   |   |- Guid:59A4B53542FC3963F80FCEADE9C467A5 BaseClass: NativeClass:/Script/Landscape.LandscapeStreamingProxy Name:LandscapeStreamingProxy_9J3BXDSJIJIA6NWJOP0T7L2GM_62_1_2_0 Label:LandscapeStreamingProxy_1_2_0 SpatiallyLoaded:1 Bounds:IsValid=true, Min=(X=-3100.000 Y=0.000 Z=100.000), Max=(X=0.000 Y=3100.000 Z=966.797) RuntimeGrid:None EditorOnly:0 RuntimeOnly:0 HLODRelevant:1
 |   |   |- [+] [ 24]
 |   |   |   |- Guid:CF8D46E14D881C3966E88BAE862FC24B BaseClass: NativeClass:/Script/Landscape.LandscapeStreamingProxy Name:LandscapeStreamingProxy_9J3BXDSJIJIA6NWJOP0T7L2GM_62_1_1_0 Label:LandscapeStreamingProxy_1_1_0 SpatiallyLoaded:1 Bounds:IsValid=true, Min=(X=-3100.000 Y=-3100.000 Z=101.562), Max=(X=0.000 Y=0.000 Z=2316.797) RuntimeGrid:None EditorOnly:0 RuntimeOnly:0 HLODRelevant:1
 |   |   |- [+] [ 25]
 |   |   |   |- Guid:66793EAD465421E5BE4D7BB49950F4F7 BaseClass: NativeClass:/Script/Engine.SkyLight Name:SkyLight_0 Label:SkyLight SpatiallyLoaded:0 Bounds:IsValid=true, Min=(X=0.000 Y=0.000 Z=690.000), Max=(X=0.000 Y=0.000 Z=690.000) RuntimeGrid:None EditorOnly:0 RuntimeOnly:0 HLODRelevant:0 FolderPath:Lighting FolderGuid:0BA5F0A04EADB18E70D5B180D08FA34B
 |   |   |- [+] [ 26]
 |   |   |   |- Guid:DF5C307D4866DB8699A845AE59B34BA3 BaseClass: NativeClass:/Script/Landscape.LandscapeStreamingProxy Name:LandscapeStreamingProxy_9J3BXDSJIJIA6NWJOP0T7L2GM_62_2_3_0 Label:LandscapeStreamingProxy_2_3_0 SpatiallyLoaded:1 Bounds:IsValid=true, Min=(X=0.000 Y=3100.000 Z=567.188), Max=(X=3100.000 Y=6200.000 Z=3188.281) RuntimeGrid:None EditorOnly:0 RuntimeOnly:0 HLODRelevant:1
 |   |   |- [+] [ 27]
 |   |   |   |- Guid:184BA082490A21562E06A48E691C3864 BaseClass: NativeClass:/Script/Landscape.LandscapeStreamingProxy Name:LandscapeStreamingProxy_9J3BXDSJIJIA6NWJOP0T7L2GM_62_2_2_0 Label:LandscapeStreamingProxy_2_2_0 SpatiallyLoaded:1 Bounds:IsValid=true, Min=(X=0.000 Y=0.000 Z=100.000), Max=(X=3100.000 Y=3100.000 Z=2106.641) RuntimeGrid:None EditorOnly:0 RuntimeOnly:0 HLODRelevant:1
 |   |   |- [+] [ 28]
 |   |   |   |- Guid:BFB456304239B55FC2946295BE1733BE BaseClass: NativeClass:/Script/Engine.StaticMeshActor Name:StaticMeshActor_UAID_A4BB6D9A283219B401_1260162639 Label:Barn SpatiallyLoaded:1 Bounds:IsValid=true, Min=(X=1340.311 Y=1079.044 Z=95.678), Max=(X=2088.912 Y=1734.573 Z=559.872) RuntimeGrid:None EditorOnly:0 RuntimeOnly:0 HLODRelevant:1
 |   |   |- [+] [ 29]
 |   |   |   |- Guid:E849706F4505722B75248192C2075EBC BaseClass: NativeClass:/Script/Landscape.LandscapeStreamingProxy Name:LandscapeStreamingProxy_9J3BXDSJIJIA6NWJOP0T7L2GM_62_0_1_0 Label:LandscapeStreamingProxy_0_1_0 SpatiallyLoaded:1 Bounds:IsValid=true, Min=(X=-6200.000 Y=-3100.000 Z=623.047), Max=(X=-3100.000 Y=0.000 Z=4686.719) RuntimeGrid:None EditorOnly:0 RuntimeOnly:0 HLODRelevant:1
 |   |   |- [+] [ 30]
 |   |   |   |- Guid:4582063D4145ABD7BE02C4B58A066FFD BaseClass: NativeClass:/Script/Landscape.Landscape Name:Landscape_UAID_A4BB6D9A2C6EE5B101_2139536378 Label:Landscape SpatiallyLoaded:0 Bounds:IsValid=true, Min=(X=-6200.000 Y=-6200.000 Z=100.000), Max=(X=-6200.000 Y=-6200.000 Z=100.000) RuntimeGrid:None EditorOnly:0 RuntimeOnly:0 HLODRelevant:0
 |   |   |- [+] [ 31]
 |   |   |   |- Guid:37E22C094AE9DFE35BD422ABA209AC46 BaseClass: NativeClass:/Script/Landscape.LandscapeStreamingProxy Name:LandscapeStreamingProxy_9J3BXDSJIJIA6NWJOP0T7L2GM_62_3_0_0 Label:LandscapeStreamingProxy_3_0_0 SpatiallyLoaded:1 Bounds:IsValid=true, Min=(X=3100.000 Y=-6200.000 Z=813.672), Max=(X=6200.000 Y=-3100.000 Z=4251.562) RuntimeGrid:None EditorOnly:0 RuntimeOnly:0 HLODRelevant:1
 |   |   |- [+] [ 32]
 |   |   |   |- Guid:BBE22CB046B74D03525A4AAAA78867A2 BaseClass:/Game/Blueprints/MyBP_PumpkinEnemy.MyBP_PumpkinEnemy_C NativeClass:/Script/HorrorExperiment.BP_PumpkinEnemy Name:MyBP_PumpkinEnemy_C_UAID_A4BB6D9A283291B801_1859403988 Label:MyBP_PumpkinEnemy SpatiallyLoaded:1 Bounds:IsValid=true, Min=(X=-1385.825 Y=1460.792 Z=479.822), Max=(X=-1240.830 Y=1599.931 Z=568.822) RuntimeGrid:None EditorOnly:0 RuntimeOnly:0 HLODRelevant:0
 |   |   |- [+] [ 33]
 |   |   |   |- Guid:7BB231354BC89C3BFF0ABF8AC28824C6 BaseClass:/Game/Blueprints/BP_Key.BP_Key_C NativeClass:/Script/Engine.Actor Name:BP_Key_C_UAID_A4BB6D9A283225B401_1376967755 Label:BP_Key SpatiallyLoaded:1 Bounds:IsValid=true, Min=(X=-948.881 Y=-2346.646 Z=109.228), Max=(X=-768.550 Y=-2166.315 Z=237.228) RuntimeGrid:None EditorOnly:0 RuntimeOnly:0 HLODRelevant:0
 |   |   |- [+] [ 34]
 |   |   |   |- Guid:2FC518B745B0665D85EB1D856589A560 BaseClass: NativeClass:/Script/Engine.ExponentialHeightFog Name:ExponentialHeightFog_0 Label:ExponentialHeightFog SpatiallyLoaded:0 Bounds:IsValid=true, Min=(X=-5600.000 Y=-50.000 Z=-6850.000), Max=(X=-5600.000 Y=-50.000 Z=-6850.000) RuntimeGrid:None EditorOnly:0 RuntimeOnly:0 HLODRelevant:0 FolderPath:Lighting FolderGuid:0BA5F0A04EADB18E70D5B180D08FA34B
 |   |   |- [+] [ 35]
 |   |   |   |- Guid:5A7B0DC64A0218CE370F1CAA087BA776 BaseClass:/Game/Blueprints/MyBP_PumpkinEnemy.MyBP_PumpkinEnemy_C NativeClass:/Script/HorrorExperiment.BP_PumpkinEnemy Name:MyBP_PumpkinEnemy_C_UAID_A4BB6D9A283294B801_1212605518 Label:MyBP_PumpkinEnemy3 SpatiallyLoaded:1 Bounds:IsValid=true, Min=(X=-578.000 Y=-2046.000 Z=143.000), Max=(X=-482.000 Y=-1934.000 Z=232.000) RuntimeGrid:None EditorOnly:0 RuntimeOnly:0 HLODRelevant:0
 |   |   |- [+] [ 36]
 |   |   |   |- Guid:9894F8F7489952C60FB871A4E993D5DB BaseClass: NativeClass:/Script/Landscape.LandscapeStreamingProxy Name:LandscapeStreamingProxy_9J3BXDSJIJIA6NWJOP0T7L2GM_62_0_3_0 Label:LandscapeStreamingProxy_0_3_0 SpatiallyLoaded:1 Bounds:IsValid=true, Min=(X=-6200.000 Y=3100.000 Z=837.109), Max=(X=-3100.000 Y=6200.000 Z=2836.719) RuntimeGrid:None EditorOnly:0 RuntimeOnly:0 HLODRelevant:1
 |   |   |- [+] [ 37]
 |   |   |   |- Guid:02A46864495EE27FC304D59F627D68F4 BaseClass:/Game/Blueprints/MyBP_PumpkinEnemy.MyBP_PumpkinEnemy_C NativeClass:/Script/HorrorExperiment.BP_PumpkinEnemy Name:MyBP_PumpkinEnemy_C_UAID_A4BB6D9A283294B801_1218407521 Label:MyBP_PumpkinEnemy6 SpatiallyLoaded:1 Bounds:IsValid=true, Min=(X=3587.048 Y=123.293 Z=445.724), Max=(X=3683.048 Y=235.293 Z=534.724) RuntimeGrid:None EditorOnly:0 RuntimeOnly:0 HLODRelevant:0
 |   |   |- [+] [ 38]
 |   |   |   |- Guid:C9373F834BDB7BEFD28FDF9453204466 BaseClass: NativeClass:/Script/Engine.StaticMeshActor Name:StaticMeshActor_UAID_A4BB6D9A2C6EF8B101_1930447728 Label:old_water_well SpatiallyLoaded:1 Bounds:IsValid=true, Min=(X=1111.571 Y=1858.969 Z=100.000), Max=(X=1339.908 Y=2065.353 Z=344.332) RuntimeGrid:None EditorOnly:0 RuntimeOnly:0 HLODRelevant:1
 |   |   |- [+] [ 39]
 |   |   |   |- Guid:812C6A8C48488CB99312FEBD8A3F9A2A BaseClass: NativeClass:/Script/Engine.StaticMeshActor Name:StaticMeshActor_UAID_A4BB6D9A283283B801_1469145519 Label:Plane SpatiallyLoaded:1 Bounds:IsValid=true, Min=(X=-6160.000 Y=-6950.000 Z=-1885.000), Max=(X=-6160.000 Y=6650.000 Z=5665.000) RuntimeGrid:None EditorOnly:0 RuntimeOnly:0 HLODRelevant:1
 |   |   |- [+] [ 40]
 |   |   |   |- Guid:5F7DB08344C241A6634568B82BE3E505 BaseClass: NativeClass:/Script/Engine.PostProcessVolume Name:PostProcessVolume_0 Label:PostProcessVolume SpatiallyLoaded:0 Bounds:IsValid=true, Min=(X=-6525.000 Y=-7750.000 Z=-4825.000), Max=(X=6725.000 Y=7950.000 Z=5825.000) RuntimeGrid:None EditorOnly:0 RuntimeOnly:0 HLODRelevant:0 FolderPath:Lighting FolderGuid:0BA5F0A04EADB18E70D5B180D08FA34B
 |   |   |- [+] [ 41]
 |   |   |   |- Guid:EB766139486FEDDC7F403A845E137266 BaseClass: NativeClass:/Script/Engine.StaticMeshActor Name:StaticMeshActor_UAID_A4AE111137DC5EFB00_2001720423 Label:SM_SkySphere SpatiallyLoaded:0 Bounds:IsValid=true, Min=(X=-1638400.000 Y=-1638400.000 Z=-1638400.000), Max=(X=1638400.000 Y=1638400.000 Z=1638400.000) RuntimeGrid:None EditorOnly:0 RuntimeOnly:0 HLODRelevant:1 FolderPath:Lighting FolderGuid:0BA5F0A04EADB18E70D5B180D08FA34B
 |   |   |- [+] [ 42]
 |   |   |   |- Guid:C3D1B3124C8B4CC028000185081C8414 BaseClass: NativeClass:/Script/Engine.StaticMeshActor Name:StaticMeshActor_UAID_A4BB6D9A283283B801_1595069521 Label:Plane2 SpatiallyLoaded:1 Bounds:IsValid=true, Min=(X=-7010.000 Y=-6210.000 Z=-1885.000), Max=(X=6590.000 Y=-6210.000 Z=5665.000) RuntimeGrid:None EditorOnly:0 RuntimeOnly:0 HLODRelevant:1
 |   |   |- [+] [ 43]
 |   |   |   |- Guid:0B1B83E547B9F6854C1140B4E99006DF BaseClass: NativeClass:/Script/Engine.SkyAtmosphere Name:SkyAtmosphere_0 Label:SkyAtmosphere SpatiallyLoaded:0 Bounds:IsValid=true, Min=(X=0.000 Y=0.000 Z=1020.000), Max=(X=0.000 Y=0.000 Z=1020.000) RuntimeGrid:None EditorOnly:0 RuntimeOnly:0 HLODRelevant:0 FolderPath:Lighting FolderGuid:0BA5F0A04EADB18E70D5B180D08FA34B
 |   |   |- [+] [ 44]
 |   |   |   |- Guid:CDE5BA174FFD3F021599459AD2834066 BaseClass: NativeClass:/Script/Landscape.LandscapeStreamingProxy Name:LandscapeStreamingProxy_9J3BXDSJIJIA6NWJOP0T7L2GM_62_0_0_0 Label:LandscapeStreamingProxy_0_0_0 SpatiallyLoaded:1 Bounds:IsValid=true, Min=(X=-6200.000 Y=-6200.000 Z=1185.156), Max=(X=-3100.000 Y=-3100.000 Z=4744.141) RuntimeGrid:None EditorOnly:0 RuntimeOnly:0 HLODRelevant:1
 |   |   |- [+] [ 45]
 |   |   |   |- Guid:F9CD60B84AFD3D0ACD80D2A640AC691B BaseClass: NativeClass:/Script/Landscape.LandscapeStreamingProxy Name:LandscapeStreamingProxy_9J3BXDSJIJIA6NWJOP0T7L2GM_62_2_0_0 Label:LandscapeStreamingProxy_2_0_0 SpatiallyLoaded:1 Bounds:IsValid=true, Min=(X=0.000 Y=-6200.000 Z=408.984), Max=(X=3100.000 Y=-3100.000 Z=3087.891) RuntimeGrid:None EditorOnly:0 RuntimeOnly:0 HLODRelevant:1
 |   |   |- [+] [ 46]
 |   |   |   |- Guid:7AFA072D40017E25ECC61DAD735F14D1 BaseClass:/Game/Blueprints/MyBP_PumpkinEnemy.MyBP_PumpkinEnemy_C NativeClass:/Script/HorrorExperiment.BP_PumpkinEnemy Name:MyBP_PumpkinEnemy_C_UAID_A4BB6D9A283294B801_1214117519 Label:MyBP_PumpkinEnemy4 SpatiallyLoaded:1 Bounds:IsValid=true, Min=(X=444.216 Y=-3409.755 Z=509.546), Max=(X=540.216 Y=-3297.755 Z=598.546) RuntimeGrid:None EditorOnly:0 RuntimeOnly:0 HLODRelevant:0
 |   |   |- [+] [ 47]
 |   |   |   |- Guid:2E7B28E14E17E40EE1522DB2396E1301 BaseClass: NativeClass:/Script/Engine.WorldDataLayers Name:WorldDataLayers Label:WorldDataLayers SpatiallyLoaded:0 Bounds:IsValid=true, Min=(X=0.000 Y=0.000 Z=0.000), Max=(X=0.000 Y=0.000 Z=0.000) RuntimeGrid:None EditorOnly:0 RuntimeOnly:0 HLODRelevant:0
 |   |   |- [+] [ 48]
 |   |   |   |- Guid:21307E8747CE9D6AECD0E986A7EBF150 BaseClass: NativeClass:/Script/Landscape.LandscapeStreamingProxy Name:LandscapeStreamingProxy_9J3BXDSJIJIA6NWJOP0T7L2GM_62_0_2_0 Label:LandscapeStreamingProxy_0_2_0 SpatiallyLoaded:1 Bounds:IsValid=true, Min=(X=-6200.000 Y=0.000 Z=317.578), Max=(X=-3100.000 Y=3100.000 Z=1713.281) RuntimeGrid:None EditorOnly:0 RuntimeOnly:0 HLODRelevant:1
 |- ContainerInstances:
 |- [+] MainContainer:
 |   |-        ID: 0x0000000000000000
 |   |-    Bounds: IsValid=false, Min=(X=0.000 Y=0.000 Z=0.000), Max=(X=0.000 Y=0.000 Z=0.000)
 |   |- Transform: 0.000000,0.000000,0.000000|0.000000,0.000000,-0.000000|1.000000,1.000000,1.000000
 |   |- Container: /Game/Maps/UnHorrorLevel
----------------------------------------------------------------------------------------------------------------
UnHorrorLevel - Persistent Level
----------------------------------------------------------------------------------------------------------------
Always loaded Actor Count: 57 

----------------------------------------------------------------------------------------------------------------
UnHorrorLevel - Runtime Spatial Hash - Streaming Grid - MainGrid
----------------------------------------------------------------------------------------------------------------
            Origin: X=0.000 Y=0.000 Z=0.000
         Cell Size: 12800
      World Bounds: IsValid=false, Min=(X=0.000 Y=0.000 Z=0.000), Max=(X=0.000 Y=0.000 Z=0.000)
     Loading Range: 25600.00
Block Slow Loading: No
 ClientOnlyVisible: No

[+] Grid Levels: 1
 |- Level  0: Cell Count    0 | Cell Size   12800 | Actor Count    0 (0.0%)

[+] Content of Grid Level 0

